23-08-2019 10:13:23 pm localhost/flexscreen/api/status/?stationId=1&shiftId=2&action=status
23-08-2019 10:13:26 pm localhost/flexscreen/api/break/?stationId=1&status=start&breakDescriptionId=4
23-08-2019 10:13:26 pm localhost/flexscreen/api/status/?stationId=1&shiftId=2&action=status
23-08-2019 10:13:29 pm localhost/flexscreen/api/status/?stationId=1&shiftId=2&action=status
23-08-2019 10:13:32 pm localhost/flexscreen/api/status/?stationId=1&shiftId=2&action=status
23-08-2019 10:13:35 pm localhost/flexscreen/api/status/?stationId=1&shiftId=2&action=status
23-08-2019 10:13:38 pm localhost/flexscreen/api/status/?stationId=1&shiftId=2&action=status
23-08-2019 10:13:41 pm localhost/flexscreen/api/status/?stationId=1&shiftId=2&action=status
23-08-2019 10:13:42 pm localhost/flexscreen/api/break/?stationId=1&status=start&breakDescriptionId=4
23-08-2019 10:13:44 pm localhost/flexscreen/api/status/?stationId=1&shiftId=2&action=status
23-08-2019 10:13:47 pm localhost/flexscreen/api/status/?stationId=1&shiftId=2&action=status
23-08-2019 10:13:50 pm localhost/flexscreen/api/break/?stationId=1&status=end&breakDescriptionId=4
23-08-2019 10:13:50 pm localhost/flexscreen/api/status/?stationId=1&shiftId=2&action=status
23-08-2019 10:13:53 pm localhost/flexscreen/api/status/?stationId=1&shiftId=2&action=status
23-08-2019 10:13:56 pm localhost/flexscreen/api/status/?stationId=1&shiftId=2&action=status
23-08-2019 10:13:59 pm localhost/flexscreen/api/status/?stationId=1&shiftId=2&action=status
23-08-2019 10:14:00 pm localhost/flexscreen/api/break/?stationId=1&status=stop&breakDescriptionId=4
23-08-2019 10:14:02 pm localhost/flexscreen/api/status/?stationId=1&shiftId=2&action=status
23-08-2019 10:14:05 pm localhost/flexscreen/api/status/?stationId=1&shiftId=2&action=status
23-08-2019 10:14:06 pm localhost/flexscreen/api/break/?stationId=1&status=start&breakDescriptionId=4
23-08-2019 10:14:08 pm localhost/flexscreen/api/status/?stationId=1&shiftId=2&action=status
23-08-2019 10:14:11 pm localhost/flexscreen/api/status/?stationId=1&shiftId=2&action=status
23-08-2019 10:14:14 pm localhost/flexscreen/api/status/?stationId=1&shiftId=2&action=status
23-08-2019 10:14:17 pm localhost/flexscreen/api/status/?stationId=1&shiftId=2&action=status
23-08-2019 10:14:20 pm localhost/flexscreen/api/status/?stationId=1&shiftId=2&action=status
23-08-2019 10:14:23 pm localhost/flexscreen/api/status/?stationId=1&shiftId=2&action=status
23-08-2019 10:14:26 pm localhost/flexscreen/api/status/?stationId=1&shiftId=2&action=status
23-08-2019 10:14:29 pm localhost/flexscreen/api/status/?stationId=1&shiftId=2&action=status
23-08-2019 10:14:32 pm localhost/flexscreen/api/status/?stationId=1&shiftId=2&action=status
23-08-2019 10:14:35 pm localhost/flexscreen/api/status/?stationId=1&shiftId=2&action=status
23-08-2019 10:14:38 pm localhost/flexscreen/api/status/?stationId=1&shiftId=2&action=status
23-08-2019 10:14:41 pm localhost/flexscreen/api/status/?stationId=1&shiftId=2&action=status
23-08-2019 10:14:44 pm localhost/flexscreen/api/status/?stationId=1&shiftId=2&action=status
23-08-2019 10:14:47 pm localhost/flexscreen/api/status/?stationId=1&shiftId=2&action=status
23-08-2019 10:14:50 pm localhost/flexscreen/api/status/?stationId=1&shiftId=2&action=status
23-08-2019 10:14:53 pm localhost/flexscreen/api/status/?stationId=1&shiftId=2&action=status
23-08-2019 10:14:56 pm localhost/flexscreen/api/status/?stationId=1&shiftId=2&action=status
23-08-2019 10:14:59 pm localhost/flexscreen/api/status/?stationId=1&shiftId=2&action=status
23-08-2019 10:15:02 pm localhost/flexscreen/api/status/?stationId=1&shiftId=2&action=status
23-08-2019 10:15:05 pm localhost/flexscreen/api/status/?stationId=1&shiftId=2&action=status
23-08-2019 10:15:08 pm localhost/flexscreen/api/status/?stationId=1&shiftId=2&action=status
23-08-2019 10:15:11 pm localhost/flexscreen/api/status/?stationId=1&shiftId=2&action=status
23-08-2019 10:15:14 pm localhost/flexscreen/api/status/?stationId=1&shiftId=2&action=status
23-08-2019 10:15:17 pm localhost/flexscreen/api/status/?stationId=1&shiftId=2&action=status
23-08-2019 10:15:20 pm localhost/flexscreen/api/status/?stationId=1&shiftId=2&action=status
23-08-2019 10:15:23 pm localhost/flexscreen/api/status/?stationId=1&shiftId=2&action=status
23-08-2019 10:15:26 pm localhost/flexscreen/api/status/?stationId=1&shiftId=2&action=status
23-08-2019 10:15:29 pm localhost/flexscreen/api/status/?stationId=1&shiftId=2&action=status
23-08-2019 10:15:32 pm localhost/flexscreen/api/status/?stationId=1&shiftId=2&action=status
23-08-2019 10:15:35 pm localhost/flexscreen/api/status/?stationId=1&shiftId=2&action=status
23-08-2019 10:15:38 pm localhost/flexscreen/api/status/?stationId=1&shiftId=2&action=status
23-08-2019 10:15:41 pm localhost/flexscreen/api/status/?stationId=1&shiftId=2&action=status
23-08-2019 10:15:44 pm localhost/flexscreen/api/status/?stationId=1&shiftId=2&action=status
23-08-2019 10:15:47 pm localhost/flexscreen/api/status/?stationId=1&shiftId=2&action=status
23-08-2019 10:15:50 pm localhost/flexscreen/api/status/?stationId=1&shiftId=2&action=status
23-08-2019 10:15:53 pm localhost/flexscreen/api/status/?stationId=1&shiftId=2&action=status
23-08-2019 10:15:56 pm localhost/flexscreen/api/status/?stationId=1&shiftId=2&action=status
23-08-2019 10:15:59 pm localhost/flexscreen/api/status/?stationId=1&shiftId=2&action=status
23-08-2019 10:16:02 pm localhost/flexscreen/api/status/?stationId=1&shiftId=2&action=status
23-08-2019 10:16:05 pm localhost/flexscreen/api/status/?stationId=1&shiftId=2&action=status
23-08-2019 10:16:08 pm localhost/flexscreen/api/status/?stationId=1&shiftId=2&action=status
23-08-2019 10:16:11 pm localhost/flexscreen/api/status/?stationId=1&shiftId=2&action=status
23-08-2019 10:16:14 pm localhost/flexscreen/api/status/?stationId=1&shiftId=2&action=status
23-08-2019 10:16:17 pm localhost/flexscreen/api/status/?stationId=1&shiftId=2&action=status
23-08-2019 10:16:20 pm localhost/flexscreen/api/status/?stationId=1&shiftId=2&action=status
23-08-2019 10:16:23 pm localhost/flexscreen/api/status/?stationId=1&shiftId=2&action=status
23-08-2019 10:16:26 pm localhost/flexscreen/api/status/?stationId=1&shiftId=2&action=status
23-08-2019 10:16:29 pm localhost/flexscreen/api/status/?stationId=1&shiftId=2&action=status
23-08-2019 10:16:32 pm localhost/flexscreen/api/status/?stationId=1&shiftId=2&action=status
23-08-2019 10:16:35 pm localhost/flexscreen/api/status/?stationId=1&shiftId=2&action=status
23-08-2019 10:16:38 pm localhost/flexscreen/api/status/?stationId=1&shiftId=2&action=status
23-08-2019 10:16:41 pm localhost/flexscreen/api/status/?stationId=1&shiftId=2&action=status
23-08-2019 10:16:44 pm localhost/flexscreen/api/status/?stationId=1&shiftId=2&action=status
23-08-2019 10:16:47 pm localhost/flexscreen/api/status/?stationId=1&shiftId=2&action=status
23-08-2019 10:16:50 pm localhost/flexscreen/api/status/?stationId=1&shiftId=2&action=status
23-08-2019 10:16:53 pm localhost/flexscreen/api/status/?stationId=1&shiftId=2&action=status
23-08-2019 10:16:56 pm localhost/flexscreen/api/status/?stationId=1&shiftId=2&action=status
23-08-2019 10:16:59 pm localhost/flexscreen/api/status/?stationId=1&shiftId=2&action=status
23-08-2019 10:17:02 pm localhost/flexscreen/api/status/?stationId=1&shiftId=2&action=status
23-08-2019 10:17:05 pm localhost/flexscreen/api/status/?stationId=1&shiftId=2&action=status
23-08-2019 10:17:08 pm localhost/flexscreen/api/status/?stationId=1&shiftId=2&action=status
23-08-2019 10:17:11 pm localhost/flexscreen/api/status/?stationId=1&shiftId=2&action=status
23-08-2019 10:17:14 pm localhost/flexscreen/api/status/?stationId=1&shiftId=2&action=status
23-08-2019 10:17:16 pm localhost/flexscreen/api/break/?stationId=1&status=start&breakDescriptionId=3
23-08-2019 10:17:17 pm localhost/flexscreen/api/status/?stationId=1&shiftId=2&action=status
23-08-2019 10:17:20 pm localhost/flexscreen/api/status/?stationId=1&shiftId=2&action=status
23-08-2019 10:17:23 pm localhost/flexscreen/api/status/?stationId=1&shiftId=2&action=status
23-08-2019 10:17:26 pm localhost/flexscreen/api/status/?stationId=1&shiftId=2&action=status
23-08-2019 10:17:29 pm localhost/flexscreen/api/status/?stationId=1&shiftId=2&action=status
23-08-2019 10:17:32 pm localhost/flexscreen/api/status/?stationId=1&shiftId=2&action=status
23-08-2019 10:17:35 pm localhost/flexscreen/api/status/?stationId=1&shiftId=2&action=status
23-08-2019 10:17:38 pm localhost/flexscreen/api/status/?stationId=1&shiftId=2&action=status
23-08-2019 10:17:41 pm localhost/flexscreen/api/status/?stationId=1&shiftId=2&action=status
23-08-2019 10:17:44 pm localhost/flexscreen/api/status/?stationId=1&shiftId=2&action=status
23-08-2019 10:17:47 pm localhost/flexscreen/api/status/?stationId=1&shiftId=2&action=status
23-08-2019 10:17:50 pm localhost/flexscreen/api/status/?stationId=1&shiftId=2&action=status
23-08-2019 10:17:53 pm localhost/flexscreen/api/status/?stationId=1&shiftId=2&action=status
23-08-2019 10:17:56 pm localhost/flexscreen/api/status/?stationId=1&shiftId=2&action=status
23-08-2019 10:17:59 pm localhost/flexscreen/api/status/?stationId=1&shiftId=2&action=status
23-08-2019 10:18:02 pm localhost/flexscreen/api/status/?stationId=1&shiftId=2&action=status
23-08-2019 10:18:05 pm localhost/flexscreen/api/status/?stationId=1&shiftId=2&action=status
23-08-2019 10:18:08 pm localhost/flexscreen/api/status/?stationId=1&shiftId=2&action=status
23-08-2019 10:18:11 pm localhost/flexscreen/api/status/?stationId=1&shiftId=2&action=status
23-08-2019 10:18:14 pm localhost/flexscreen/api/status/?stationId=1&shiftId=2&action=status
23-08-2019 10:18:17 pm localhost/flexscreen/api/status/?stationId=1&shiftId=2&action=status
23-08-2019 10:18:20 pm localhost/flexscreen/api/status/?stationId=1&shiftId=2&action=status
23-08-2019 10:18:23 pm localhost/flexscreen/api/status/?stationId=1&shiftId=2&action=status
23-08-2019 10:18:26 pm localhost/flexscreen/api/break/?stationId=1&status=start&breakDescriptionId=4
23-08-2019 10:18:26 pm localhost/flexscreen/api/status/?stationId=1&shiftId=2&action=status
23-08-2019 10:18:29 pm localhost/flexscreen/api/status/?stationId=1&shiftId=2&action=status
23-08-2019 10:18:32 pm localhost/flexscreen/api/status/?stationId=1&shiftId=2&action=status
23-08-2019 10:18:35 pm localhost/flexscreen/api/status/?stationId=1&shiftId=2&action=status
23-08-2019 10:18:38 pm localhost/flexscreen/api/status/?stationId=1&shiftId=2&action=status
23-08-2019 10:18:41 pm localhost/flexscreen/api/status/?stationId=1&shiftId=2&action=status
23-08-2019 10:18:44 pm localhost/flexscreen/api/status/?stationId=1&shiftId=2&action=status
23-08-2019 10:18:47 pm localhost/flexscreen/api/status/?stationId=1&shiftId=2&action=status
23-08-2019 10:18:50 pm localhost/flexscreen/api/status/?stationId=1&shiftId=2&action=status
23-08-2019 10:18:53 pm localhost/flexscreen/api/status/?stationId=1&shiftId=2&action=status
23-08-2019 10:18:56 pm localhost/flexscreen/api/status/?stationId=1&shiftId=2&action=status
23-08-2019 10:18:59 pm localhost/flexscreen/api/status/?stationId=1&shiftId=2&action=status
23-08-2019 10:19:02 pm localhost/flexscreen/api/status/?stationId=1&shiftId=2&action=status
23-08-2019 10:19:05 pm localhost/flexscreen/api/status/?stationId=1&shiftId=2&action=status
23-08-2019 10:19:08 pm localhost/flexscreen/api/status/?stationId=1&shiftId=2&action=status
23-08-2019 10:19:11 pm localhost/flexscreen/api/status/?stationId=1&shiftId=2&action=status
23-08-2019 10:19:14 pm localhost/flexscreen/api/status/?stationId=1&shiftId=2&action=status
23-08-2019 10:19:17 pm localhost/flexscreen/api/status/?stationId=1&shiftId=2&action=status
23-08-2019 10:19:20 pm localhost/flexscreen/api/status/?stationId=1&shiftId=2&action=status
23-08-2019 10:19:23 pm localhost/flexscreen/api/status/?stationId=1&shiftId=2&action=status
23-08-2019 10:19:26 pm localhost/flexscreen/api/status/?stationId=1&shiftId=2&action=status
23-08-2019 10:19:29 pm localhost/flexscreen/api/status/?stationId=1&shiftId=2&action=status
23-08-2019 10:19:32 pm localhost/flexscreen/api/status/?stationId=1&shiftId=2&action=status
23-08-2019 10:19:33 pm localhost/flexscreen/api/break/?stationId=1&status=start&breakDescriptionId=4
23-08-2019 10:19:35 pm localhost/flexscreen/api/status/?stationId=1&shiftId=2&action=status
23-08-2019 10:19:38 pm localhost/flexscreen/api/status/?stationId=1&shiftId=2&action=status
23-08-2019 10:19:41 pm localhost/flexscreen/api/status/?stationId=1&shiftId=2&action=status
23-08-2019 10:19:44 pm localhost/flexscreen/api/status/?stationId=1&shiftId=2&action=status
23-08-2019 10:19:47 pm localhost/flexscreen/api/status/?stationId=1&shiftId=2&action=status
23-08-2019 10:19:50 pm localhost/flexscreen/api/break/?stationId=1&status=start&breakDescriptionId=4
23-08-2019 10:19:50 pm localhost/flexscreen/api/status/?stationId=1&shiftId=2&action=status
23-08-2019 10:19:53 pm localhost/flexscreen/api/status/?stationId=1&shiftId=2&action=status
23-08-2019 10:19:56 pm localhost/flexscreen/api/status/?stationId=1&shiftId=2&action=status
23-08-2019 10:19:59 pm localhost/flexscreen/api/status/?stationId=1&shiftId=2&action=status
23-08-2019 10:20:02 pm localhost/flexscreen/api/status/?stationId=1&shiftId=2&action=status
23-08-2019 10:20:05 pm localhost/flexscreen/api/break/?stationId=1&status=start&breakDescriptionId=4
23-08-2019 10:20:05 pm localhost/flexscreen/api/status/?stationId=1&shiftId=2&action=status
23-08-2019 10:20:08 pm localhost/flexscreen/api/status/?stationId=1&shiftId=2&action=status
23-08-2019 10:20:11 pm localhost/flexscreen/api/status/?stationId=1&shiftId=2&action=status
23-08-2019 10:20:14 pm localhost/flexscreen/api/status/?stationId=1&shiftId=2&action=status
23-08-2019 10:20:17 pm localhost/flexscreen/api/status/?stationId=1&shiftId=2&action=status
23-08-2019 10:20:20 pm localhost/flexscreen/api/status/?stationId=1&shiftId=2&action=status
23-08-2019 10:20:23 pm localhost/flexscreen/api/status/?stationId=1&shiftId=2&action=status
23-08-2019 10:20:24 pm localhost/flexscreen/api/break/?stationId=1&status=start&breakDescriptionId=4
23-08-2019 10:20:26 pm localhost/flexscreen/api/status/?stationId=1&shiftId=2&action=status
23-08-2019 10:20:29 pm localhost/flexscreen/api/status/?stationId=1&shiftId=2&action=status
23-08-2019 10:20:32 pm localhost/flexscreen/api/status/?stationId=1&shiftId=2&action=status
23-08-2019 10:20:35 pm localhost/flexscreen/api/status/?stationId=1&shiftId=2&action=status
23-08-2019 10:20:38 pm localhost/flexscreen/api/status/?stationId=1&shiftId=2&action=status
23-08-2019 10:20:41 pm localhost/flexscreen/api/status/?stationId=1&shiftId=2&action=status
23-08-2019 10:20:44 pm localhost/flexscreen/api/status/?stationId=1&shiftId=2&action=status
23-08-2019 10:20:47 pm localhost/flexscreen/api/break/?stationId=1&status=start&breakDescriptionId=4
23-08-2019 10:20:47 pm localhost/flexscreen/api/status/?stationId=1&shiftId=2&action=status
23-08-2019 10:20:50 pm localhost/flexscreen/api/status/?stationId=1&shiftId=2&action=status
23-08-2019 10:20:53 pm localhost/flexscreen/api/status/?stationId=1&shiftId=2&action=status
23-08-2019 10:20:56 pm localhost/flexscreen/api/status/?stationId=1&shiftId=2&action=status
23-08-2019 10:20:59 pm localhost/flexscreen/api/status/?stationId=1&shiftId=2&action=status
23-08-2019 10:21:02 pm localhost/flexscreen/api/status/?stationId=1&shiftId=2&action=status
23-08-2019 10:21:05 pm localhost/flexscreen/api/status/?stationId=1&shiftId=2&action=status
23-08-2019 10:21:08 pm localhost/flexscreen/api/status/?stationId=1&shiftId=2&action=status
23-08-2019 10:21:11 pm localhost/flexscreen/api/status/?stationId=1&shiftId=2&action=status
23-08-2019 10:21:14 pm localhost/flexscreen/api/status/?stationId=1&shiftId=2&action=status
23-08-2019 10:21:17 pm localhost/flexscreen/api/status/?stationId=1&shiftId=2&action=status
23-08-2019 10:21:20 pm localhost/flexscreen/api/status/?stationId=1&shiftId=2&action=status
23-08-2019 10:21:23 pm localhost/flexscreen/api/status/?stationId=1&shiftId=2&action=status
23-08-2019 10:21:26 pm localhost/flexscreen/api/status/?stationId=1&shiftId=2&action=status
23-08-2019 10:21:29 pm localhost/flexscreen/api/break/?stationId=1&status=start&breakDescriptionId=4
23-08-2019 10:21:29 pm localhost/flexscreen/api/status/?stationId=1&shiftId=2&action=status
23-08-2019 10:21:32 pm localhost/flexscreen/api/status/?stationId=1&shiftId=2&action=status
23-08-2019 10:21:35 pm localhost/flexscreen/api/status/?stationId=1&shiftId=2&action=status
23-08-2019 10:21:38 pm localhost/flexscreen/api/status/?stationId=1&shiftId=2&action=status
23-08-2019 10:21:41 pm localhost/flexscreen/api/status/?stationId=1&shiftId=2&action=status
23-08-2019 10:21:42 pm localhost/flexscreen/api/break/?stationId=1&status=start&breakDescriptionId=4
23-08-2019 10:21:44 pm localhost/flexscreen/api/status/?stationId=1&shiftId=2&action=status
23-08-2019 10:21:47 pm localhost/flexscreen/api/status/?stationId=1&shiftId=2&action=status
23-08-2019 10:21:50 pm localhost/flexscreen/api/status/?stationId=1&shiftId=2&action=status
23-08-2019 10:21:53 pm localhost/flexscreen/api/status/?stationId=1&shiftId=2&action=status
23-08-2019 10:21:56 pm localhost/flexscreen/api/status/?stationId=1&shiftId=2&action=status
23-08-2019 10:21:59 pm localhost/flexscreen/api/status/?stationId=1&shiftId=2&action=status
23-08-2019 10:22:02 pm localhost/flexscreen/api/status/?stationId=1&shiftId=2&action=status
23-08-2019 10:22:05 pm localhost/flexscreen/api/status/?stationId=1&shiftId=2&action=status
23-08-2019 10:22:08 pm localhost/flexscreen/api/status/?stationId=1&shiftId=2&action=status
23-08-2019 10:22:11 pm localhost/flexscreen/api/status/?stationId=1&shiftId=2&action=status
23-08-2019 10:22:14 pm localhost/flexscreen/api/status/?stationId=1&shiftId=2&action=status
23-08-2019 10:22:17 pm localhost/flexscreen/api/status/?stationId=1&shiftId=2&action=status
23-08-2019 10:22:20 pm localhost/flexscreen/api/status/?stationId=1&shiftId=2&action=status
23-08-2019 10:22:23 pm localhost/flexscreen/api/status/?stationId=1&shiftId=2&action=status
23-08-2019 10:22:26 pm localhost/flexscreen/api/status/?stationId=1&shiftId=2&action=status
23-08-2019 10:22:29 pm localhost/flexscreen/api/status/?stationId=1&shiftId=2&action=status
23-08-2019 10:22:32 pm localhost/flexscreen/api/status/?stationId=1&shiftId=2&action=status
23-08-2019 10:22:36 pm localhost/flexscreen/api/status/?stationId=1&shiftId=2&action=status
23-08-2019 10:22:38 pm localhost/flexscreen/api/status/?stationId=1&shiftId=2&action=status
23-08-2019 10:22:41 pm localhost/flexscreen/api/status/?stationId=1&shiftId=2&action=status
23-08-2019 10:22:44 pm localhost/flexscreen/api/status/?stationId=1&shiftId=2&action=status
23-08-2019 10:22:47 pm localhost/flexscreen/api/status/?stationId=1&shiftId=2&action=status
23-08-2019 10:22:50 pm localhost/flexscreen/api/status/?stationId=1&shiftId=2&action=status
23-08-2019 10:22:53 pm localhost/flexscreen/api/status/?stationId=1&shiftId=2&action=status
23-08-2019 10:22:56 pm localhost/flexscreen/api/status/?stationId=1&shiftId=2&action=status
23-08-2019 10:22:59 pm localhost/flexscreen/api/status/?stationId=1&shiftId=2&action=status
23-08-2019 10:23:02 pm localhost/flexscreen/api/break/?stationId=1&status=start&breakDescriptionId=3
23-08-2019 10:23:02 pm localhost/flexscreen/api/status/?stationId=1&shiftId=2&action=status
23-08-2019 10:23:02 pm localhost/flexscreen/api/status/?stationId=1&shiftId=2&action=status
23-08-2019 10:23:05 pm localhost/flexscreen/api/status/?stationId=1&shiftId=2&action=status
23-08-2019 10:23:07 pm localhost/flexscreen/api/break/?stationId=1&status=end
23-08-2019 10:23:07 pm localhost/flexscreen/api/status/?stationId=1&shiftId=2&action=status
23-08-2019 10:23:08 pm localhost/flexscreen/api/status/?stationId=1&shiftId=2&action=status
23-08-2019 10:23:11 pm localhost/flexscreen/api/status/?stationId=1&shiftId=2&action=status
23-08-2019 10:26:13 pm localhost/flexscreen/api/workstationSummary/?shiftId=2
23-08-2019 10:26:17 pm localhost/flexscreen/api/status/?stationId=2&shiftId=2&action=status
23-08-2019 10:26:19 pm localhost/flexscreen/api/update/?stationId=2&shiftId=2&count=1
23-08-2019 10:26:19 pm localhost/flexscreen/api/status/?stationId=2&shiftId=2&action=status
23-08-2019 10:26:20 pm localhost/flexscreen/api/status/?stationId=2&shiftId=2&action=status
23-08-2019 10:26:23 pm localhost/flexscreen/api/status/?stationId=2&shiftId=2&action=status
23-08-2019 10:26:25 pm localhost/flexscreen/api/update/?stationId=2&shiftId=2&count=1
23-08-2019 10:26:25 pm localhost/flexscreen/api/status/?stationId=2&shiftId=2&action=status
23-08-2019 10:26:26 pm localhost/flexscreen/api/status/?stationId=2&shiftId=2&action=status
23-08-2019 10:26:29 pm localhost/flexscreen/api/status/?stationId=2&shiftId=2&action=status
23-08-2019 10:26:31 pm localhost/flexscreen/api/update/?stationId=2&shiftId=2&count=1
23-08-2019 10:26:31 pm localhost/flexscreen/api/status/?stationId=2&shiftId=2&action=status
23-08-2019 10:26:32 pm localhost/flexscreen/api/status/?stationId=2&shiftId=2&action=status
23-08-2019 10:26:33 pm localhost/flexscreen/api/workstationSummary/?shiftId=2
23-08-2019 10:26:35 pm localhost/flexscreen/api/workstationSummary/?shiftId=1
23-08-2019 10:26:37 pm localhost/flexscreen/api/workstationSummary/?shiftId=2
23-08-2019 10:26:38 pm localhost/flexscreen/api/workstationSummary/?shiftId=2
23-08-2019 10:26:41 pm localhost/flexscreen/api/workstationSummary/?shiftId=1
23-08-2019 10:26:43 pm localhost/flexscreen/api/workstationSummary/?shiftId=1
23-08-2019 10:26:44 pm localhost/flexscreen/api/workstationSummary/?shiftId=2
23-08-2019 10:26:48 pm localhost/flexscreen/api/workstationSummary/?shiftId=2
23-08-2019 10:26:53 pm localhost/flexscreen/api/workstationSummary/?shiftId=2
23-08-2019 10:26:58 pm localhost/flexscreen/api/workstationSummary/?shiftId=2
23-08-2019 10:27:15 pm localhost/flexscreen/api/stationInfoSummary/
23-08-2019 10:27:20 pm localhost/flexscreen/api/stationInfoSummary/
23-08-2019 10:28:01 pm localhost/flexscreen/api/workstationSummary/?shiftId=2
23-08-2019 10:28:06 pm localhost/flexscreen/api/workstationSummary/?shiftId=2
23-08-2019 10:28:11 pm localhost/flexscreen/api/workstationSummary/?shiftId=2
23-08-2019 10:28:16 pm localhost/flexscreen/api/workstationSummary/?shiftId=2
23-08-2019 10:28:41 pm localhost/flexscreen/api/workstationSummary/?shiftId=2
23-08-2019 10:28:46 pm localhost/flexscreen/api/workstationSummary/?shiftId=2
23-08-2019 10:28:51 pm localhost/flexscreen/api/workstationSummary/?shiftId=2
23-08-2019 10:28:56 pm localhost/flexscreen/api/workstationSummary/?shiftId=2
27-08-2019 02:28:03 pm localhost/flexscreen/api/status/?stationId=6&shiftId=2&action=status
27-08-2019 02:28:06 pm localhost/flexscreen/api/status/?stationId=6&shiftId=2&action=status
27-08-2019 02:28:09 pm localhost/flexscreen/api/update/?stationId=6&shiftId=2&count=1
27-08-2019 02:28:09 pm localhost/flexscreen/api/status/?stationId=6&shiftId=2&action=status
27-08-2019 02:28:12 pm localhost/flexscreen/api/status/?stationId=6&shiftId=2&action=status
27-08-2019 02:28:15 pm localhost/flexscreen/api/status/?stationId=6&shiftId=2&action=status
27-08-2019 02:28:18 pm localhost/flexscreen/api/status/?stationId=6&shiftId=2&action=status
27-08-2019 02:28:21 pm localhost/flexscreen/api/status/?stationId=6&shiftId=2&action=status
27-08-2019 02:28:24 pm localhost/flexscreen/api/status/?stationId=6&shiftId=2&action=status
27-08-2019 02:28:27 pm localhost/flexscreen/api/status/?stationId=6&shiftId=2&action=status
27-08-2019 02:28:30 pm localhost/flexscreen/api/status/?stationId=6&shiftId=2&action=status
27-08-2019 02:28:33 pm localhost/flexscreen/api/status/?stationId=6&shiftId=2&action=status
27-08-2019 02:28:36 pm localhost/flexscreen/api/status/?stationId=6&shiftId=2&action=status
27-08-2019 02:28:39 pm localhost/flexscreen/api/status/?stationId=6&shiftId=2&action=status
27-08-2019 02:28:42 pm localhost/flexscreen/api/status/?stationId=6&shiftId=2&action=status
27-08-2019 02:28:45 pm localhost/flexscreen/api/status/?stationId=6&shiftId=2&action=status
27-08-2019 02:28:48 pm localhost/flexscreen/api/status/?stationId=6&shiftId=2&action=status
27-08-2019 02:28:51 pm localhost/flexscreen/api/status/?stationId=6&shiftId=2&action=status
27-08-2019 02:28:54 pm localhost/flexscreen/api/status/?stationId=6&shiftId=2&action=status
27-08-2019 02:28:57 pm localhost/flexscreen/api/status/?stationId=6&shiftId=2&action=status
27-08-2019 02:29:00 pm localhost/flexscreen/api/status/?stationId=6&shiftId=2&action=status
27-08-2019 02:29:03 pm localhost/flexscreen/api/status/?stationId=6&shiftId=2&action=status
27-08-2019 02:29:04 pm localhost/flexscreen/api/update/?stationId=6&shiftId=2&count=1
27-08-2019 02:29:06 pm localhost/flexscreen/api/status/?stationId=6&shiftId=2&action=status
27-08-2019 02:29:09 pm localhost/flexscreen/api/status/?stationId=6&shiftId=2&action=status
27-08-2019 02:29:12 pm localhost/flexscreen/api/status/?stationId=6&shiftId=2&action=status
27-08-2019 02:29:15 pm localhost/flexscreen/api/status/?stationId=6&shiftId=2&action=status
27-08-2019 02:29:18 pm localhost/flexscreen/api/status/?stationId=6&shiftId=2&action=status
27-08-2019 02:29:21 pm localhost/flexscreen/api/status/?stationId=6&shiftId=2&action=status
27-08-2019 02:29:24 pm localhost/flexscreen/api/status/?stationId=6&shiftId=2&action=status
27-08-2019 02:29:27 pm localhost/flexscreen/api/status/?stationId=6&shiftId=2&action=status
27-08-2019 02:29:30 pm localhost/flexscreen/api/status/?stationId=6&shiftId=2&action=status
27-08-2019 02:29:33 pm localhost/flexscreen/api/status/?stationId=6&shiftId=2&action=status
27-08-2019 02:29:36 pm localhost/flexscreen/api/status/?stationId=6&shiftId=2&action=status
27-08-2019 02:29:39 pm localhost/flexscreen/api/status/?stationId=6&shiftId=2&action=status
27-08-2019 02:29:41 pm localhost/flexscreen/api/update/?stationId=6&shiftId=2&count=1
27-08-2019 02:29:41 pm localhost/flexscreen/api/status/?stationId=6&shiftId=2&action=status
27-08-2019 02:29:42 pm localhost/flexscreen/api/status/?stationId=6&shiftId=2&action=status
27-08-2019 02:29:45 pm localhost/flexscreen/api/workstationSummary/?shiftId=2
27-08-2019 02:29:47 pm localhost/flexscreen/api/status/?stationId=6&shiftId=2&action=status
27-08-2019 02:29:50 pm localhost/flexscreen/api/status/?stationId=6&shiftId=2&action=status
27-08-2019 02:29:50 pm localhost/flexscreen/api/workstationSummary/?shiftId=2
27-08-2019 02:29:52 pm localhost/flexscreen/api/status/?stationId=3&shiftId=2&action=status
27-08-2019 02:29:53 pm localhost/flexscreen/api/break/?stationId=3&shiftId=2&status=end
27-08-2019 02:29:53 pm localhost/flexscreen/api/status/?stationId=3&shiftId=2&action=status
27-08-2019 02:29:55 pm localhost/flexscreen/api/status/?stationId=3&shiftId=2&action=status
27-08-2019 02:29:56 pm localhost/flexscreen/api/workstationSummary/?shiftId=2
27-08-2019 02:30:01 pm localhost/flexscreen/api/workstationSummary/?shiftId=2
27-08-2019 02:30:01 pm localhost/flexscreen/api/status/?stationId=3&shiftId=2&action=status
27-08-2019 02:30:04 pm localhost/flexscreen/api/update/?stationId=3&shiftId=2&count=1
27-08-2019 02:30:04 pm localhost/flexscreen/api/status/?stationId=3&shiftId=2&action=status
27-08-2019 02:30:04 pm localhost/flexscreen/api/status/?stationId=3&shiftId=2&action=status
27-08-2019 02:30:07 pm localhost/flexscreen/api/status/?stationId=3&shiftId=2&action=status
27-08-2019 02:30:10 pm localhost/flexscreen/api/status/?stationId=3&shiftId=2&action=status
27-08-2019 02:30:13 pm localhost/flexscreen/api/status/?stationId=3&shiftId=2&action=status
27-08-2019 02:30:13 pm localhost/flexscreen/api/update/?stationId=3&shiftId=2&count=1
27-08-2019 02:30:13 pm localhost/flexscreen/api/status/?stationId=3&shiftId=2&action=status
27-08-2019 02:30:16 pm localhost/flexscreen/api/status/?stationId=3&shiftId=2&action=status
27-08-2019 02:30:19 pm localhost/flexscreen/api/status/?stationId=3&shiftId=2&action=status
27-08-2019 02:30:22 pm localhost/flexscreen/api/update/?stationId=3&shiftId=2&count=1
27-08-2019 02:30:22 pm localhost/flexscreen/api/status/?stationId=3&shiftId=2&action=status
27-08-2019 02:30:22 pm localhost/flexscreen/api/status/?stationId=3&shiftId=2&action=status
27-08-2019 02:30:25 pm localhost/flexscreen/api/status/?stationId=3&shiftId=2&action=status
27-08-2019 02:30:28 pm localhost/flexscreen/api/status/?stationId=3&shiftId=2&action=status
27-08-2019 02:30:31 pm localhost/flexscreen/api/status/?stationId=3&shiftId=2&action=status
27-08-2019 02:30:34 pm localhost/flexscreen/api/status/?stationId=3&shiftId=2&action=status
27-08-2019 02:30:37 pm localhost/flexscreen/api/workstationSummary/?shiftId=2
27-08-2019 02:30:41 pm localhost/flexscreen/api/status/?stationId=5&shiftId=2&action=status
27-08-2019 02:30:44 pm localhost/flexscreen/api/status/?stationId=5&shiftId=2&action=status
27-08-2019 02:30:47 pm localhost/flexscreen/api/status/?stationId=5&shiftId=2&action=status
27-08-2019 02:30:50 pm localhost/flexscreen/api/status/?stationId=5&shiftId=2&action=status
27-08-2019 02:30:53 pm localhost/flexscreen/api/status/?stationId=5&shiftId=2&action=status
27-08-2019 02:30:56 pm localhost/flexscreen/api/status/?stationId=5&shiftId=2&action=status
27-08-2019 02:30:59 pm localhost/flexscreen/api/status/?stationId=5&shiftId=2&action=status
27-08-2019 02:31:02 pm localhost/flexscreen/api/status/?stationId=5&shiftId=2&action=status
27-08-2019 02:31:05 pm localhost/flexscreen/api/status/?stationId=5&shiftId=2&action=status
27-08-2019 02:31:08 pm localhost/flexscreen/api/status/?stationId=5&shiftId=2&action=status
27-08-2019 02:31:11 pm localhost/flexscreen/api/status/?stationId=5&shiftId=2&action=status
27-08-2019 02:31:14 pm localhost/flexscreen/api/status/?stationId=5&shiftId=2&action=status
27-08-2019 02:31:17 pm localhost/flexscreen/api/status/?stationId=5&shiftId=2&action=status
27-08-2019 02:31:20 pm localhost/flexscreen/api/status/?stationId=5&shiftId=2&action=status
27-08-2019 02:31:23 pm localhost/flexscreen/api/status/?stationId=5&shiftId=2&action=status
27-08-2019 02:31:26 pm localhost/flexscreen/api/status/?stationId=5&shiftId=2&action=status
27-08-2019 02:31:29 pm localhost/flexscreen/api/status/?stationId=5&shiftId=2&action=status
27-08-2019 02:31:32 pm localhost/flexscreen/api/status/?stationId=5&shiftId=2&action=status
27-08-2019 02:31:35 pm localhost/flexscreen/api/status/?stationId=5&shiftId=2&action=status
27-08-2019 02:31:38 pm localhost/flexscreen/api/status/?stationId=5&shiftId=2&action=status
27-08-2019 02:31:41 pm localhost/flexscreen/api/status/?stationId=5&shiftId=2&action=status
27-08-2019 02:31:44 pm localhost/flexscreen/api/status/?stationId=5&shiftId=2&action=status
27-08-2019 02:31:47 pm localhost/flexscreen/api/status/?stationId=5&shiftId=2&action=status
27-08-2019 02:31:50 pm localhost/flexscreen/api/status/?stationId=5&shiftId=2&action=status
27-08-2019 02:31:53 pm localhost/flexscreen/api/status/?stationId=5&shiftId=2&action=status
27-08-2019 02:31:56 pm localhost/flexscreen/api/status/?stationId=5&shiftId=2&action=status
27-08-2019 02:31:59 pm localhost/flexscreen/api/status/?stationId=5&shiftId=2&action=status
27-08-2019 02:32:02 pm localhost/flexscreen/api/status/?stationId=5&shiftId=2&action=status
27-08-2019 02:32:05 pm localhost/flexscreen/api/status/?stationId=5&shiftId=2&action=status
27-08-2019 02:32:08 pm localhost/flexscreen/api/status/?stationId=5&shiftId=2&action=status
27-08-2019 02:32:11 pm localhost/flexscreen/api/status/?stationId=5&shiftId=2&action=status
27-08-2019 02:32:14 pm localhost/flexscreen/api/status/?stationId=5&shiftId=2&action=status
27-08-2019 02:32:17 pm localhost/flexscreen/api/status/?stationId=5&shiftId=2&action=status
27-08-2019 02:32:20 pm localhost/flexscreen/api/status/?stationId=5&shiftId=2&action=status
27-08-2019 02:32:23 pm localhost/flexscreen/api/status/?stationId=5&shiftId=2&action=status
27-08-2019 02:32:26 pm localhost/flexscreen/api/status/?stationId=5&shiftId=2&action=status
27-08-2019 02:32:29 pm localhost/flexscreen/api/status/?stationId=5&shiftId=2&action=status
27-08-2019 02:32:32 pm localhost/flexscreen/api/status/?stationId=5&shiftId=2&action=status
27-08-2019 02:32:35 pm localhost/flexscreen/api/status/?stationId=5&shiftId=2&action=status
27-08-2019 02:32:37 pm localhost/flexscreen/api/update/?stationId=5&shiftId=2&count=1
27-08-2019 02:32:37 pm localhost/flexscreen/api/status/?stationId=5&shiftId=2&action=status
27-08-2019 02:32:38 pm localhost/flexscreen/api/status/?stationId=5&shiftId=2&action=status
27-08-2019 02:32:41 pm localhost/flexscreen/api/status/?stationId=5&shiftId=2&action=status
27-08-2019 02:32:44 pm localhost/flexscreen/api/status/?stationId=5&shiftId=2&action=status
27-08-2019 02:32:47 pm localhost/flexscreen/api/update/?stationId=5&shiftId=2&count=1
27-08-2019 02:32:47 pm localhost/flexscreen/api/status/?stationId=5&shiftId=2&action=status
27-08-2019 02:32:47 pm localhost/flexscreen/api/status/?stationId=5&shiftId=2&action=status
27-08-2019 02:32:50 pm localhost/flexscreen/api/status/?stationId=5&shiftId=2&action=status
27-08-2019 02:32:53 pm localhost/flexscreen/api/status/?stationId=5&shiftId=2&action=status
27-08-2019 02:32:56 pm localhost/flexscreen/api/status/?stationId=5&shiftId=2&action=status
27-08-2019 02:32:57 pm localhost/flexscreen/api/update/?stationId=5&shiftId=2&count=1
27-08-2019 02:32:57 pm localhost/flexscreen/api/status/?stationId=5&shiftId=2&action=status
27-08-2019 02:32:59 pm localhost/flexscreen/api/status/?stationId=5&shiftId=2&action=status
27-08-2019 02:33:02 pm localhost/flexscreen/api/status/?stationId=5&shiftId=2&action=status
27-08-2019 02:33:05 pm localhost/flexscreen/api/status/?stationId=5&shiftId=2&action=status
27-08-2019 02:33:07 pm localhost/flexscreen/api/break/?stationId=5&shiftId=2&status=start&breakDescriptionId=1
27-08-2019 02:33:07 pm localhost/flexscreen/api/status/?stationId=5&shiftId=2&action=status
27-08-2019 02:33:08 pm localhost/flexscreen/api/status/?stationId=5&shiftId=2&action=status
27-08-2019 02:33:11 pm localhost/flexscreen/api/status/?stationId=5&shiftId=2&action=status
27-08-2019 02:33:14 pm localhost/flexscreen/api/status/?stationId=5&shiftId=2&action=status
27-08-2019 02:33:17 pm localhost/flexscreen/api/update/?stationId=5&shiftId=2&count=1
27-08-2019 02:33:17 pm localhost/flexscreen/api/status/?stationId=5&shiftId=2&action=status
27-08-2019 02:33:17 pm localhost/flexscreen/api/status/?stationId=5&shiftId=2&action=status
27-08-2019 02:33:20 pm localhost/flexscreen/api/status/?stationId=5&shiftId=2&action=status
27-08-2019 02:33:23 pm localhost/flexscreen/api/status/?stationId=5&shiftId=2&action=status
27-08-2019 02:33:26 pm localhost/flexscreen/api/status/?stationId=5&shiftId=2&action=status
27-08-2019 02:33:29 pm localhost/flexscreen/api/status/?stationId=5&shiftId=2&action=status
27-08-2019 02:33:32 pm localhost/flexscreen/api/status/?stationId=5&shiftId=2&action=status
27-08-2019 02:33:35 pm localhost/flexscreen/api/status/?stationId=5&shiftId=2&action=status
27-08-2019 02:33:38 pm localhost/flexscreen/api/status/?stationId=5&shiftId=2&action=status
27-08-2019 02:46:47 pm localhost/flexscreen/api/session/?action=set&key=shiftId&value=2
27-08-2019 02:46:49 pm localhost/flexscreen/api/session/?action=set&key=shiftId&value=1
27-08-2019 02:46:59 pm localhost/flexscreen/api/workstationSummary/?shiftId=1
27-08-2019 02:47:01 pm localhost/flexscreen/api/session/?action=set&key=shiftId&value=2
27-08-2019 02:47:01 pm localhost/flexscreen/api/workstationSummary/?shiftId=2
27-08-2019 02:47:07 pm localhost/flexscreen/api/workstationSummary/?shiftId=2
27-08-2019 02:47:12 pm localhost/flexscreen/api/workstationSummary/?shiftId=2
27-08-2019 02:47:17 pm localhost/flexscreen/api/workstationSummary/?shiftId=2
27-08-2019 02:47:22 pm localhost/flexscreen/api/workstationSummary/?shiftId=2
27-08-2019 02:47:27 pm localhost/flexscreen/api/workstationSummary/?shiftId=2
27-08-2019 02:47:32 pm localhost/flexscreen/api/workstationSummary/?shiftId=2
27-08-2019 02:47:37 pm localhost/flexscreen/api/workstationSummary/?shiftId=2
27-08-2019 02:47:42 pm localhost/flexscreen/api/workstationSummary/?shiftId=2
27-08-2019 02:47:47 pm localhost/flexscreen/api/workstationSummary/?shiftId=2
27-08-2019 02:47:52 pm localhost/flexscreen/api/workstationSummary/?shiftId=2
27-08-2019 02:47:57 pm localhost/flexscreen/api/workstationSummary/?shiftId=2
27-08-2019 02:48:02 pm localhost/flexscreen/api/workstationSummary/?shiftId=2
27-08-2019 02:48:07 pm localhost/flexscreen/api/workstationSummary/?shiftId=2
27-08-2019 02:48:12 pm localhost/flexscreen/api/workstationSummary/?shiftId=2
27-08-2019 02:48:17 pm localhost/flexscreen/api/workstationSummary/?shiftId=2
27-08-2019 02:48:22 pm localhost/flexscreen/api/workstationSummary/?shiftId=2
27-08-2019 02:48:25 pm localhost/flexscreen/api/status/?stationId=1&shiftId=2&action=status
27-08-2019 02:48:27 pm localhost/flexscreen/api/workstationSummary/?shiftId=2
27-08-2019 02:48:29 pm localhost/flexscreen/api/workstationSummary/?shiftId=1
27-08-2019 02:48:29 pm localhost/flexscreen/api/session/?action=set&key=shiftId&value=1
27-08-2019 02:48:30 pm localhost/flexscreen/api/status/?stationId=1&shiftId=1&action=status
27-08-2019 02:48:33 pm localhost/flexscreen/api/status/?stationId=1&shiftId=1&action=status
27-08-2019 02:48:33 pm localhost/flexscreen/api/session/?action=set&key=shiftId&value=2
27-08-2019 02:48:33 pm localhost/flexscreen/api/status/?stationId=1&shiftId=2&action=status
27-08-2019 02:48:35 pm localhost/flexscreen/api/workstationSummary/?shiftId=2
27-08-2019 02:50:53 pm localhost/flexscreen/api/workstationSummary/?shiftId=2
27-08-2019 02:50:58 pm localhost/flexscreen/api/workstationSummary/?shiftId=2
27-08-2019 02:51:08 pm localhost/flexscreen/api/workstationSummary/?shiftId=2
27-08-2019 02:59:56 pm localhost/flexscreen/api/workstationSummary/?shiftId=2
27-08-2019 03:00:09 pm localhost/flexscreen/api/workstationSummary/?shiftId=2
27-08-2019 03:00:25 pm localhost/flexscreen/api/workstationSummary/?shiftId=2
27-08-2019 03:00:58 pm localhost/flexscreen/api/workstationSummary/?shiftId=2
27-08-2019 03:01:04 pm localhost/flexscreen/api/workstationSummary/?shiftId=2
27-08-2019 03:01:06 pm localhost/flexscreen/api/stationInfoSummary/
27-08-2019 03:01:09 pm localhost/flexscreen/api/workstationSummary/?shiftId=2
27-08-2019 03:01:11 pm localhost/flexscreen/api/session/?action=set&key=shiftId&value=1
27-08-2019 03:01:11 pm localhost/flexscreen/api/workstationSummary/?shiftId=1
27-08-2019 03:01:14 pm localhost/flexscreen/api/workstationSummary/?shiftId=1
27-08-2019 03:01:16 pm localhost/flexscreen/api/workstationSummary/?shiftId=1
27-08-2019 03:01:19 pm localhost/flexscreen/api/session/?action=set&key=shiftId&value=2
27-08-2019 03:01:19 pm localhost/flexscreen/api/workstationSummary/?shiftId=2
27-08-2019 03:01:21 pm localhost/flexscreen/api/workstationSummary/?shiftId=2
27-08-2019 03:02:59 pm localhost/flexscreen/api/session/?action=set&key=shiftId&value=2
27-08-2019 03:03:07 pm localhost/flexscreen/api/workstationSummary/?shiftId=2
27-08-2019 03:03:12 pm localhost/flexscreen/api/workstationSummary/?shiftId=2
27-08-2019 03:03:17 pm localhost/flexscreen/api/workstationSummary/?shiftId=2
27-08-2019 03:03:22 pm localhost/flexscreen/api/workstationSummary/?shiftId=2
27-08-2019 04:25:20 pm localhost/flexscreen/api/session/?action=set&key=shiftId&value=2
27-08-2019 04:25:22 pm localhost/flexscreen/api/workstationSummary/?shiftId=2
27-08-2019 04:25:29 pm localhost/flexscreen/api/workstationSummary/?shiftId=2
27-08-2019 04:25:35 pm localhost/flexscreen/api/workstationSummary/?shiftId=2
27-08-2019 04:25:36 pm localhost/flexscreen/api/status/?stationId=1&shiftId=2&action=status
27-08-2019 04:25:38 pm localhost/flexscreen/api/workstationSummary/?shiftId=2
27-08-2019 04:25:44 pm localhost/flexscreen/api/session/?action=set&key=shiftId&value=2
27-08-2019 04:34:28 pm localhost/flexscreen/api/workstationSummary/?shiftId=2
27-08-2019 04:34:31 pm localhost/flexscreen/api/session/?action=set&key=shiftId&value=1
27-08-2019 04:34:32 pm localhost/flexscreen/api/workstationSummary/?shiftId=1
27-08-2019 04:34:42 pm localhost/flexscreen/api/session/?action=set&key=shiftId&value=2
27-08-2019 04:34:44 pm localhost/flexscreen/api/stationInfoSummary/
27-08-2019 04:34:49 pm localhost/flexscreen/api/stationInfoSummary/
27-08-2019 04:34:54 pm localhost/flexscreen/api/stationInfoSummary/
27-08-2019 04:34:59 pm localhost/flexscreen/api/stationInfoSummary/
27-08-2019 04:35:04 pm localhost/flexscreen/api/stationInfoSummary/
27-08-2019 04:35:09 pm localhost/flexscreen/api/stationInfoSummary/
27-08-2019 04:35:14 pm localhost/flexscreen/api/stationInfoSummary/
27-08-2019 04:35:19 pm localhost/flexscreen/api/stationInfoSummary/
27-08-2019 04:35:24 pm localhost/flexscreen/api/stationInfoSummary/
27-08-2019 04:35:29 pm localhost/flexscreen/api/stationInfoSummary/
27-08-2019 04:35:34 pm localhost/flexscreen/api/stationInfoSummary/
27-08-2019 04:35:39 pm localhost/flexscreen/api/stationInfoSummary/
27-08-2019 04:35:44 pm localhost/flexscreen/api/stationInfoSummary/
27-08-2019 04:35:49 pm localhost/flexscreen/api/stationInfoSummary/
27-08-2019 04:35:54 pm localhost/flexscreen/api/stationInfoSummary/
27-08-2019 04:35:59 pm localhost/flexscreen/api/stationInfoSummary/
27-08-2019 04:36:04 pm localhost/flexscreen/api/stationInfoSummary/
27-08-2019 04:36:09 pm localhost/flexscreen/api/stationInfoSummary/
27-08-2019 04:36:14 pm localhost/flexscreen/api/stationInfoSummary/
27-08-2019 04:36:19 pm localhost/flexscreen/api/stationInfoSummary/
27-08-2019 04:36:24 pm localhost/flexscreen/api/stationInfoSummary/
27-08-2019 04:36:29 pm localhost/flexscreen/api/stationInfoSummary/
27-08-2019 04:36:34 pm localhost/flexscreen/api/stationInfoSummary/
27-08-2019 04:36:39 pm localhost/flexscreen/api/stationInfoSummary/
27-08-2019 04:36:44 pm localhost/flexscreen/api/stationInfoSummary/
27-08-2019 04:36:49 pm localhost/flexscreen/api/stationInfoSummary/
27-08-2019 04:36:54 pm localhost/flexscreen/api/stationInfoSummary/
27-08-2019 04:36:59 pm localhost/flexscreen/api/stationInfoSummary/
27-08-2019 04:37:04 pm localhost/flexscreen/api/stationInfoSummary/
27-08-2019 04:37:09 pm localhost/flexscreen/api/stationInfoSummary/
27-08-2019 04:37:14 pm localhost/flexscreen/api/stationInfoSummary/
27-08-2019 04:37:19 pm localhost/flexscreen/api/stationInfoSummary/
27-08-2019 04:37:24 pm localhost/flexscreen/api/stationInfoSummary/
27-08-2019 04:37:29 pm localhost/flexscreen/api/stationInfoSummary/
27-08-2019 04:37:34 pm localhost/flexscreen/api/stationInfoSummary/
27-08-2019 04:37:39 pm localhost/flexscreen/api/stationInfoSummary/
27-08-2019 04:37:44 pm localhost/flexscreen/api/stationInfoSummary/
27-08-2019 04:37:49 pm localhost/flexscreen/api/stationInfoSummary/
27-08-2019 04:37:54 pm localhost/flexscreen/api/stationInfoSummary/
27-08-2019 04:37:59 pm localhost/flexscreen/api/stationInfoSummary/
27-08-2019 04:38:04 pm localhost/flexscreen/api/stationInfoSummary/
27-08-2019 04:38:09 pm localhost/flexscreen/api/stationInfoSummary/
27-08-2019 04:38:14 pm localhost/flexscreen/api/stationInfoSummary/
27-08-2019 04:38:19 pm localhost/flexscreen/api/stationInfoSummary/
27-08-2019 04:38:24 pm localhost/flexscreen/api/stationInfoSummary/
27-08-2019 04:38:29 pm localhost/flexscreen/api/stationInfoSummary/
27-08-2019 04:38:34 pm localhost/flexscreen/api/stationInfoSummary/
27-08-2019 04:38:39 pm localhost/flexscreen/api/stationInfoSummary/
27-08-2019 04:38:44 pm localhost/flexscreen/api/stationInfoSummary/
27-08-2019 04:38:49 pm localhost/flexscreen/api/stationInfoSummary/
27-08-2019 04:38:54 pm localhost/flexscreen/api/stationInfoSummary/
27-08-2019 04:38:59 pm localhost/flexscreen/api/stationInfoSummary/
27-08-2019 04:39:04 pm localhost/flexscreen/api/stationInfoSummary/
27-08-2019 04:39:09 pm localhost/flexscreen/api/stationInfoSummary/
27-08-2019 04:39:14 pm localhost/flexscreen/api/stationInfoSummary/
27-08-2019 04:39:19 pm localhost/flexscreen/api/stationInfoSummary/
27-08-2019 04:39:24 pm localhost/flexscreen/api/stationInfoSummary/
27-08-2019 04:39:29 pm localhost/flexscreen/api/stationInfoSummary/
27-08-2019 04:39:34 pm localhost/flexscreen/api/stationInfoSummary/
27-08-2019 04:39:39 pm localhost/flexscreen/api/stationInfoSummary/
27-08-2019 04:39:44 pm localhost/flexscreen/api/stationInfoSummary/
27-08-2019 04:39:49 pm localhost/flexscreen/api/stationInfoSummary/
27-08-2019 04:39:54 pm localhost/flexscreen/api/stationInfoSummary/
27-08-2019 04:39:59 pm localhost/flexscreen/api/stationInfoSummary/
27-08-2019 04:40:04 pm localhost/flexscreen/api/stationInfoSummary/
27-08-2019 04:40:09 pm localhost/flexscreen/api/stationInfoSummary/
27-08-2019 04:40:14 pm localhost/flexscreen/api/stationInfoSummary/
27-08-2019 04:40:19 pm localhost/flexscreen/api/stationInfoSummary/
27-08-2019 04:40:24 pm localhost/flexscreen/api/stationInfoSummary/
27-08-2019 04:40:29 pm localhost/flexscreen/api/stationInfoSummary/
27-08-2019 04:40:34 pm localhost/flexscreen/api/stationInfoSummary/
27-08-2019 04:40:39 pm localhost/flexscreen/api/stationInfoSummary/
27-08-2019 04:40:44 pm localhost/flexscreen/api/stationInfoSummary/
27-08-2019 04:40:49 pm localhost/flexscreen/api/stationInfoSummary/
27-08-2019 04:40:54 pm localhost/flexscreen/api/stationInfoSummary/
27-08-2019 04:40:59 pm localhost/flexscreen/api/stationInfoSummary/
27-08-2019 04:41:04 pm localhost/flexscreen/api/stationInfoSummary/
27-08-2019 04:41:09 pm localhost/flexscreen/api/stationInfoSummary/
27-08-2019 04:41:14 pm localhost/flexscreen/api/stationInfoSummary/
27-08-2019 04:41:19 pm localhost/flexscreen/api/stationInfoSummary/
27-08-2019 04:41:24 pm localhost/flexscreen/api/stationInfoSummary/
27-08-2019 04:41:29 pm localhost/flexscreen/api/stationInfoSummary/
27-08-2019 04:41:34 pm localhost/flexscreen/api/stationInfoSummary/
27-08-2019 04:41:39 pm localhost/flexscreen/api/stationInfoSummary/
27-08-2019 04:41:44 pm localhost/flexscreen/api/stationInfoSummary/
27-08-2019 04:41:49 pm localhost/flexscreen/api/stationInfoSummary/
27-08-2019 04:41:54 pm localhost/flexscreen/api/stationInfoSummary/
27-08-2019 04:41:59 pm localhost/flexscreen/api/stationInfoSummary/
27-08-2019 04:42:04 pm localhost/flexscreen/api/stationInfoSummary/
27-08-2019 04:42:09 pm localhost/flexscreen/api/stationInfoSummary/
27-08-2019 04:42:14 pm localhost/flexscreen/api/stationInfoSummary/
27-08-2019 04:42:19 pm localhost/flexscreen/api/stationInfoSummary/
27-08-2019 04:42:24 pm localhost/flexscreen/api/stationInfoSummary/
27-08-2019 04:42:29 pm localhost/flexscreen/api/stationInfoSummary/
27-08-2019 04:42:34 pm localhost/flexscreen/api/stationInfoSummary/
27-08-2019 04:42:39 pm localhost/flexscreen/api/stationInfoSummary/
27-08-2019 04:42:44 pm localhost/flexscreen/api/stationInfoSummary/
27-08-2019 04:42:49 pm localhost/flexscreen/api/stationInfoSummary/
27-08-2019 04:42:54 pm localhost/flexscreen/api/stationInfoSummary/
27-08-2019 04:42:59 pm localhost/flexscreen/api/stationInfoSummary/
27-08-2019 04:43:04 pm localhost/flexscreen/api/stationInfoSummary/
27-08-2019 04:43:09 pm localhost/flexscreen/api/stationInfoSummary/
27-08-2019 04:43:14 pm localhost/flexscreen/api/stationInfoSummary/
27-08-2019 04:43:19 pm localhost/flexscreen/api/stationInfoSummary/
27-08-2019 04:43:24 pm localhost/flexscreen/api/stationInfoSummary/
27-08-2019 04:43:29 pm localhost/flexscreen/api/stationInfoSummary/
27-08-2019 04:43:34 pm localhost/flexscreen/api/stationInfoSummary/
27-08-2019 04:43:39 pm localhost/flexscreen/api/stationInfoSummary/
27-08-2019 04:43:44 pm localhost/flexscreen/api/stationInfoSummary/
27-08-2019 04:43:49 pm localhost/flexscreen/api/stationInfoSummary/
27-08-2019 04:43:54 pm localhost/flexscreen/api/stationInfoSummary/
27-08-2019 04:43:59 pm localhost/flexscreen/api/stationInfoSummary/
27-08-2019 04:44:04 pm localhost/flexscreen/api/stationInfoSummary/
27-08-2019 04:44:09 pm localhost/flexscreen/api/stationInfoSummary/
27-08-2019 04:44:14 pm localhost/flexscreen/api/stationInfoSummary/
27-08-2019 04:44:19 pm localhost/flexscreen/api/stationInfoSummary/
27-08-2019 04:44:24 pm localhost/flexscreen/api/stationInfoSummary/
27-08-2019 04:44:29 pm localhost/flexscreen/api/stationInfoSummary/
27-08-2019 04:44:34 pm localhost/flexscreen/api/stationInfoSummary/
27-08-2019 04:44:39 pm localhost/flexscreen/api/stationInfoSummary/
27-08-2019 04:44:44 pm localhost/flexscreen/api/stationInfoSummary/
27-08-2019 04:44:49 pm localhost/flexscreen/api/stationInfoSummary/
27-08-2019 04:44:54 pm localhost/flexscreen/api/stationInfoSummary/
27-08-2019 04:44:59 pm localhost/flexscreen/api/stationInfoSummary/
27-08-2019 04:45:04 pm localhost/flexscreen/api/stationInfoSummary/
27-08-2019 04:45:09 pm localhost/flexscreen/api/stationInfoSummary/
27-08-2019 04:45:14 pm localhost/flexscreen/api/stationInfoSummary/
27-08-2019 04:45:19 pm localhost/flexscreen/api/stationInfoSummary/
27-08-2019 04:45:24 pm localhost/flexscreen/api/stationInfoSummary/
27-08-2019 04:45:29 pm localhost/flexscreen/api/stationInfoSummary/
27-08-2019 04:45:34 pm localhost/flexscreen/api/stationInfoSummary/
27-08-2019 04:45:39 pm localhost/flexscreen/api/stationInfoSummary/
27-08-2019 04:45:44 pm localhost/flexscreen/api/stationInfoSummary/
27-08-2019 04:45:49 pm localhost/flexscreen/api/stationInfoSummary/
27-08-2019 04:45:54 pm localhost/flexscreen/api/stationInfoSummary/
27-08-2019 04:45:59 pm localhost/flexscreen/api/stationInfoSummary/
27-08-2019 04:46:04 pm localhost/flexscreen/api/stationInfoSummary/
27-08-2019 04:46:09 pm localhost/flexscreen/api/stationInfoSummary/
27-08-2019 04:46:14 pm localhost/flexscreen/api/stationInfoSummary/
27-08-2019 04:46:19 pm localhost/flexscreen/api/stationInfoSummary/
27-08-2019 04:46:24 pm localhost/flexscreen/api/stationInfoSummary/
27-08-2019 04:46:29 pm localhost/flexscreen/api/stationInfoSummary/
27-08-2019 04:46:34 pm localhost/flexscreen/api/stationInfoSummary/
27-08-2019 04:46:39 pm localhost/flexscreen/api/stationInfoSummary/
27-08-2019 04:46:44 pm localhost/flexscreen/api/stationInfoSummary/
27-08-2019 04:46:49 pm localhost/flexscreen/api/stationInfoSummary/
27-08-2019 04:46:54 pm localhost/flexscreen/api/stationInfoSummary/
27-08-2019 04:46:59 pm localhost/flexscreen/api/stationInfoSummary/
27-08-2019 04:47:04 pm localhost/flexscreen/api/stationInfoSummary/
27-08-2019 04:47:09 pm localhost/flexscreen/api/stationInfoSummary/
27-08-2019 04:47:14 pm localhost/flexscreen/api/stationInfoSummary/
27-08-2019 04:47:19 pm localhost/flexscreen/api/stationInfoSummary/
27-08-2019 04:47:24 pm localhost/flexscreen/api/stationInfoSummary/
27-08-2019 04:47:29 pm localhost/flexscreen/api/stationInfoSummary/
27-08-2019 04:47:34 pm localhost/flexscreen/api/stationInfoSummary/
27-08-2019 04:47:39 pm localhost/flexscreen/api/stationInfoSummary/
27-08-2019 04:47:44 pm localhost/flexscreen/api/stationInfoSummary/
27-08-2019 04:47:49 pm localhost/flexscreen/api/stationInfoSummary/
27-08-2019 04:47:54 pm localhost/flexscreen/api/stationInfoSummary/
27-08-2019 04:47:59 pm localhost/flexscreen/api/stationInfoSummary/
27-08-2019 04:48:04 pm localhost/flexscreen/api/stationInfoSummary/
27-08-2019 04:48:09 pm localhost/flexscreen/api/stationInfoSummary/
27-08-2019 04:48:14 pm localhost/flexscreen/api/stationInfoSummary/
27-08-2019 04:48:19 pm localhost/flexscreen/api/stationInfoSummary/
27-08-2019 04:48:24 pm localhost/flexscreen/api/stationInfoSummary/
27-08-2019 04:48:29 pm localhost/flexscreen/api/stationInfoSummary/
27-08-2019 04:48:34 pm localhost/flexscreen/api/stationInfoSummary/
27-08-2019 04:48:39 pm localhost/flexscreen/api/stationInfoSummary/
27-08-2019 04:48:44 pm localhost/flexscreen/api/stationInfoSummary/
27-08-2019 04:48:49 pm localhost/flexscreen/api/stationInfoSummary/
27-08-2019 04:48:54 pm localhost/flexscreen/api/stationInfoSummary/
27-08-2019 04:48:59 pm localhost/flexscreen/api/stationInfoSummary/
27-08-2019 04:49:04 pm localhost/flexscreen/api/stationInfoSummary/
27-08-2019 04:49:09 pm localhost/flexscreen/api/stationInfoSummary/
27-08-2019 04:49:14 pm localhost/flexscreen/api/stationInfoSummary/
27-08-2019 04:49:19 pm localhost/flexscreen/api/stationInfoSummary/
27-08-2019 04:49:25 pm localhost/flexscreen/api/stationInfoSummary/
27-08-2019 04:49:29 pm localhost/flexscreen/api/stationInfoSummary/
27-08-2019 04:49:34 pm localhost/flexscreen/api/stationInfoSummary/
27-08-2019 04:49:39 pm localhost/flexscreen/api/stationInfoSummary/
27-08-2019 04:49:44 pm localhost/flexscreen/api/stationInfoSummary/
27-08-2019 04:49:49 pm localhost/flexscreen/api/stationInfoSummary/
27-08-2019 04:49:54 pm localhost/flexscreen/api/stationInfoSummary/
27-08-2019 04:49:59 pm localhost/flexscreen/api/stationInfoSummary/
27-08-2019 04:50:04 pm localhost/flexscreen/api/stationInfoSummary/
27-08-2019 04:50:09 pm localhost/flexscreen/api/stationInfoSummary/
27-08-2019 04:50:14 pm localhost/flexscreen/api/stationInfoSummary/
27-08-2019 04:50:19 pm localhost/flexscreen/api/stationInfoSummary/
27-08-2019 04:50:24 pm localhost/flexscreen/api/stationInfoSummary/
27-08-2019 04:50:29 pm localhost/flexscreen/api/stationInfoSummary/
27-08-2019 04:50:34 pm localhost/flexscreen/api/stationInfoSummary/
27-08-2019 04:50:39 pm localhost/flexscreen/api/stationInfoSummary/
27-08-2019 04:50:44 pm localhost/flexscreen/api/stationInfoSummary/
27-08-2019 04:50:49 pm localhost/flexscreen/api/stationInfoSummary/
27-08-2019 04:50:54 pm localhost/flexscreen/api/stationInfoSummary/
27-08-2019 04:50:59 pm localhost/flexscreen/api/stationInfoSummary/
27-08-2019 04:51:04 pm localhost/flexscreen/api/stationInfoSummary/
27-08-2019 04:51:09 pm localhost/flexscreen/api/stationInfoSummary/
27-08-2019 04:51:14 pm localhost/flexscreen/api/stationInfoSummary/
27-08-2019 04:51:19 pm localhost/flexscreen/api/stationInfoSummary/
27-08-2019 04:51:24 pm localhost/flexscreen/api/stationInfoSummary/
27-08-2019 04:51:29 pm localhost/flexscreen/api/stationInfoSummary/
27-08-2019 04:51:34 pm localhost/flexscreen/api/stationInfoSummary/
27-08-2019 04:51:39 pm localhost/flexscreen/api/stationInfoSummary/
27-08-2019 04:51:44 pm localhost/flexscreen/api/stationInfoSummary/
27-08-2019 04:51:49 pm localhost/flexscreen/api/stationInfoSummary/
27-08-2019 04:51:54 pm localhost/flexscreen/api/stationInfoSummary/
27-08-2019 04:51:59 pm localhost/flexscreen/api/stationInfoSummary/
27-08-2019 04:52:04 pm localhost/flexscreen/api/stationInfoSummary/
27-08-2019 04:52:09 pm localhost/flexscreen/api/stationInfoSummary/
27-08-2019 04:52:14 pm localhost/flexscreen/api/stationInfoSummary/
27-08-2019 04:52:19 pm localhost/flexscreen/api/stationInfoSummary/
27-08-2019 04:52:24 pm localhost/flexscreen/api/stationInfoSummary/
27-08-2019 04:52:29 pm localhost/flexscreen/api/stationInfoSummary/
27-08-2019 04:52:34 pm localhost/flexscreen/api/stationInfoSummary/
27-08-2019 04:52:39 pm localhost/flexscreen/api/stationInfoSummary/
27-08-2019 04:52:44 pm localhost/flexscreen/api/stationInfoSummary/
27-08-2019 04:52:49 pm localhost/flexscreen/api/stationInfoSummary/
27-08-2019 04:52:54 pm localhost/flexscreen/api/stationInfoSummary/
27-08-2019 04:52:59 pm localhost/flexscreen/api/stationInfoSummary/
27-08-2019 04:53:04 pm localhost/flexscreen/api/stationInfoSummary/
27-08-2019 04:53:09 pm localhost/flexscreen/api/stationInfoSummary/
27-08-2019 04:53:14 pm localhost/flexscreen/api/stationInfoSummary/
27-08-2019 04:53:19 pm localhost/flexscreen/api/stationInfoSummary/
27-08-2019 04:53:24 pm localhost/flexscreen/api/stationInfoSummary/
27-08-2019 04:53:29 pm localhost/flexscreen/api/stationInfoSummary/
27-08-2019 04:53:34 pm localhost/flexscreen/api/stationInfoSummary/
27-08-2019 04:53:40 pm localhost/flexscreen/api/stationInfoSummary/
27-08-2019 04:53:44 pm localhost/flexscreen/api/stationInfoSummary/
27-08-2019 04:53:49 pm localhost/flexscreen/api/stationInfoSummary/
27-08-2019 04:53:54 pm localhost/flexscreen/api/stationInfoSummary/
27-08-2019 04:53:59 pm localhost/flexscreen/api/stationInfoSummary/
27-08-2019 04:54:04 pm localhost/flexscreen/api/stationInfoSummary/
27-08-2019 04:54:09 pm localhost/flexscreen/api/stationInfoSummary/
27-08-2019 04:54:14 pm localhost/flexscreen/api/stationInfoSummary/
27-08-2019 04:54:19 pm localhost/flexscreen/api/stationInfoSummary/
27-08-2019 04:54:24 pm localhost/flexscreen/api/stationInfoSummary/
27-08-2019 04:54:29 pm localhost/flexscreen/api/stationInfoSummary/
27-08-2019 04:54:34 pm localhost/flexscreen/api/stationInfoSummary/
27-08-2019 04:54:39 pm localhost/flexscreen/api/stationInfoSummary/
27-08-2019 04:54:44 pm localhost/flexscreen/api/stationInfoSummary/
27-08-2019 04:54:49 pm localhost/flexscreen/api/stationInfoSummary/
27-08-2019 04:54:54 pm localhost/flexscreen/api/stationInfoSummary/
27-08-2019 04:54:59 pm localhost/flexscreen/api/stationInfoSummary/
27-08-2019 04:55:04 pm localhost/flexscreen/api/stationInfoSummary/
27-08-2019 04:55:09 pm localhost/flexscreen/api/stationInfoSummary/
27-08-2019 04:55:14 pm localhost/flexscreen/api/stationInfoSummary/
27-08-2019 04:55:19 pm localhost/flexscreen/api/stationInfoSummary/
27-08-2019 04:55:24 pm localhost/flexscreen/api/stationInfoSummary/
27-08-2019 04:55:29 pm localhost/flexscreen/api/stationInfoSummary/
27-08-2019 04:55:34 pm localhost/flexscreen/api/stationInfoSummary/
27-08-2019 04:55:39 pm localhost/flexscreen/api/stationInfoSummary/
27-08-2019 04:55:44 pm localhost/flexscreen/api/stationInfoSummary/
27-08-2019 04:55:49 pm localhost/flexscreen/api/stationInfoSummary/
27-08-2019 04:55:54 pm localhost/flexscreen/api/stationInfoSummary/
27-08-2019 04:55:59 pm localhost/flexscreen/api/stationInfoSummary/
27-08-2019 04:56:04 pm localhost/flexscreen/api/stationInfoSummary/
27-08-2019 04:56:09 pm localhost/flexscreen/api/stationInfoSummary/
27-08-2019 04:56:14 pm localhost/flexscreen/api/stationInfoSummary/
27-08-2019 04:56:19 pm localhost/flexscreen/api/stationInfoSummary/
27-08-2019 04:56:24 pm localhost/flexscreen/api/stationInfoSummary/
27-08-2019 04:56:29 pm localhost/flexscreen/api/stationInfoSummary/
27-08-2019 04:56:34 pm localhost/flexscreen/api/stationInfoSummary/
27-08-2019 04:56:39 pm localhost/flexscreen/api/stationInfoSummary/
27-08-2019 04:56:44 pm localhost/flexscreen/api/stationInfoSummary/
27-08-2019 04:56:49 pm localhost/flexscreen/api/stationInfoSummary/
27-08-2019 04:56:54 pm localhost/flexscreen/api/stationInfoSummary/
27-08-2019 04:56:59 pm localhost/flexscreen/api/stationInfoSummary/
27-08-2019 04:57:04 pm localhost/flexscreen/api/stationInfoSummary/
27-08-2019 04:57:09 pm localhost/flexscreen/api/stationInfoSummary/
27-08-2019 04:57:14 pm localhost/flexscreen/api/stationInfoSummary/
27-08-2019 04:57:19 pm localhost/flexscreen/api/stationInfoSummary/
27-08-2019 04:57:24 pm localhost/flexscreen/api/stationInfoSummary/
27-08-2019 04:57:29 pm localhost/flexscreen/api/stationInfoSummary/
27-08-2019 04:57:34 pm localhost/flexscreen/api/stationInfoSummary/
27-08-2019 04:57:39 pm localhost/flexscreen/api/stationInfoSummary/
27-08-2019 04:57:44 pm localhost/flexscreen/api/stationInfoSummary/
27-08-2019 04:57:49 pm localhost/flexscreen/api/stationInfoSummary/
27-08-2019 04:57:54 pm localhost/flexscreen/api/stationInfoSummary/
27-08-2019 04:57:59 pm localhost/flexscreen/api/stationInfoSummary/
27-08-2019 04:58:04 pm localhost/flexscreen/api/stationInfoSummary/
27-08-2019 04:58:12 pm localhost/flexscreen/api/stationInfoSummary/
27-08-2019 04:58:14 pm localhost/flexscreen/api/stationInfoSummary/
27-08-2019 04:58:19 pm localhost/flexscreen/api/stationInfoSummary/
27-08-2019 04:58:24 pm localhost/flexscreen/api/stationInfoSummary/
27-08-2019 04:58:29 pm localhost/flexscreen/api/stationInfoSummary/
27-08-2019 04:58:34 pm localhost/flexscreen/api/stationInfoSummary/
27-08-2019 04:58:39 pm localhost/flexscreen/api/stationInfoSummary/
27-08-2019 04:58:44 pm localhost/flexscreen/api/stationInfoSummary/
27-08-2019 04:58:49 pm localhost/flexscreen/api/stationInfoSummary/
27-08-2019 04:58:54 pm localhost/flexscreen/api/stationInfoSummary/
27-08-2019 04:58:59 pm localhost/flexscreen/api/stationInfoSummary/
27-08-2019 04:59:04 pm localhost/flexscreen/api/stationInfoSummary/
27-08-2019 04:59:09 pm localhost/flexscreen/api/stationInfoSummary/
27-08-2019 04:59:14 pm localhost/flexscreen/api/stationInfoSummary/
27-08-2019 04:59:19 pm localhost/flexscreen/api/stationInfoSummary/
27-08-2019 04:59:24 pm localhost/flexscreen/api/stationInfoSummary/
27-08-2019 04:59:30 pm localhost/flexscreen/api/stationInfoSummary/
27-08-2019 04:59:34 pm localhost/flexscreen/api/stationInfoSummary/
27-08-2019 04:59:39 pm localhost/flexscreen/api/stationInfoSummary/
27-08-2019 04:59:44 pm localhost/flexscreen/api/stationInfoSummary/
27-08-2019 04:59:49 pm localhost/flexscreen/api/stationInfoSummary/
27-08-2019 04:59:54 pm localhost/flexscreen/api/stationInfoSummary/
27-08-2019 04:59:59 pm localhost/flexscreen/api/stationInfoSummary/
27-08-2019 05:00:04 pm localhost/flexscreen/api/stationInfoSummary/
27-08-2019 05:00:09 pm localhost/flexscreen/api/stationInfoSummary/
27-08-2019 05:00:14 pm localhost/flexscreen/api/stationInfoSummary/
27-08-2019 05:00:19 pm localhost/flexscreen/api/stationInfoSummary/
27-08-2019 05:00:24 pm localhost/flexscreen/api/stationInfoSummary/
27-08-2019 05:00:29 pm localhost/flexscreen/api/stationInfoSummary/
27-08-2019 05:00:34 pm localhost/flexscreen/api/stationInfoSummary/
27-08-2019 05:00:39 pm localhost/flexscreen/api/stationInfoSummary/
27-08-2019 05:00:44 pm localhost/flexscreen/api/stationInfoSummary/
27-08-2019 05:00:49 pm localhost/flexscreen/api/stationInfoSummary/
27-08-2019 05:00:54 pm localhost/flexscreen/api/stationInfoSummary/
27-08-2019 05:00:59 pm localhost/flexscreen/api/stationInfoSummary/
27-08-2019 05:01:04 pm localhost/flexscreen/api/stationInfoSummary/
27-08-2019 05:01:09 pm localhost/flexscreen/api/stationInfoSummary/
27-08-2019 05:01:14 pm localhost/flexscreen/api/stationInfoSummary/
27-08-2019 05:01:19 pm localhost/flexscreen/api/stationInfoSummary/
27-08-2019 05:01:24 pm localhost/flexscreen/api/stationInfoSummary/
27-08-2019 05:01:29 pm localhost/flexscreen/api/stationInfoSummary/
27-08-2019 05:01:34 pm localhost/flexscreen/api/stationInfoSummary/
27-08-2019 05:01:39 pm localhost/flexscreen/api/stationInfoSummary/
27-08-2019 05:01:44 pm localhost/flexscreen/api/stationInfoSummary/
27-08-2019 05:01:49 pm localhost/flexscreen/api/stationInfoSummary/
27-08-2019 05:01:54 pm localhost/flexscreen/api/stationInfoSummary/
27-08-2019 05:01:59 pm localhost/flexscreen/api/stationInfoSummary/
27-08-2019 05:02:04 pm localhost/flexscreen/api/stationInfoSummary/
27-08-2019 05:02:09 pm localhost/flexscreen/api/stationInfoSummary/
27-08-2019 05:02:14 pm localhost/flexscreen/api/stationInfoSummary/
27-08-2019 05:02:19 pm localhost/flexscreen/api/stationInfoSummary/
27-08-2019 05:02:24 pm localhost/flexscreen/api/stationInfoSummary/
27-08-2019 05:02:29 pm localhost/flexscreen/api/stationInfoSummary/
27-08-2019 05:02:34 pm localhost/flexscreen/api/stationInfoSummary/
27-08-2019 05:02:39 pm localhost/flexscreen/api/stationInfoSummary/
27-08-2019 05:02:44 pm localhost/flexscreen/api/stationInfoSummary/
27-08-2019 05:02:49 pm localhost/flexscreen/api/stationInfoSummary/
27-08-2019 05:02:54 pm localhost/flexscreen/api/stationInfoSummary/
27-08-2019 05:02:59 pm localhost/flexscreen/api/stationInfoSummary/
27-08-2019 05:03:04 pm localhost/flexscreen/api/stationInfoSummary/
27-08-2019 05:03:09 pm localhost/flexscreen/api/stationInfoSummary/
27-08-2019 05:03:14 pm localhost/flexscreen/api/stationInfoSummary/
27-08-2019 05:03:19 pm localhost/flexscreen/api/stationInfoSummary/
27-08-2019 05:03:24 pm localhost/flexscreen/api/stationInfoSummary/
27-08-2019 05:03:29 pm localhost/flexscreen/api/stationInfoSummary/
27-08-2019 05:03:34 pm localhost/flexscreen/api/stationInfoSummary/
27-08-2019 05:03:39 pm localhost/flexscreen/api/stationInfoSummary/
27-08-2019 05:03:44 pm localhost/flexscreen/api/stationInfoSummary/
27-08-2019 05:03:49 pm localhost/flexscreen/api/stationInfoSummary/
27-08-2019 05:03:54 pm localhost/flexscreen/api/stationInfoSummary/
27-08-2019 05:03:59 pm localhost/flexscreen/api/stationInfoSummary/
27-08-2019 05:04:04 pm localhost/flexscreen/api/stationInfoSummary/
27-08-2019 05:04:09 pm localhost/flexscreen/api/stationInfoSummary/
27-08-2019 05:04:14 pm localhost/flexscreen/api/stationInfoSummary/
27-08-2019 05:04:19 pm localhost/flexscreen/api/stationInfoSummary/
27-08-2019 05:04:24 pm localhost/flexscreen/api/stationInfoSummary/
27-08-2019 05:04:29 pm localhost/flexscreen/api/stationInfoSummary/
27-08-2019 05:04:34 pm localhost/flexscreen/api/stationInfoSummary/
27-08-2019 05:04:39 pm localhost/flexscreen/api/stationInfoSummary/
27-08-2019 05:04:44 pm localhost/flexscreen/api/stationInfoSummary/
27-08-2019 05:04:49 pm localhost/flexscreen/api/stationInfoSummary/
27-08-2019 05:04:54 pm localhost/flexscreen/api/stationInfoSummary/
27-08-2019 05:04:59 pm localhost/flexscreen/api/stationInfoSummary/
27-08-2019 05:05:04 pm localhost/flexscreen/api/stationInfoSummary/
27-08-2019 05:05:09 pm localhost/flexscreen/api/stationInfoSummary/
27-08-2019 05:05:14 pm localhost/flexscreen/api/stationInfoSummary/
27-08-2019 05:05:19 pm localhost/flexscreen/api/stationInfoSummary/
27-08-2019 05:05:24 pm localhost/flexscreen/api/stationInfoSummary/
27-08-2019 05:05:29 pm localhost/flexscreen/api/stationInfoSummary/
27-08-2019 05:05:34 pm localhost/flexscreen/api/stationInfoSummary/
27-08-2019 05:05:39 pm localhost/flexscreen/api/stationInfoSummary/
27-08-2019 05:05:44 pm localhost/flexscreen/api/stationInfoSummary/
27-08-2019 05:05:49 pm localhost/flexscreen/api/stationInfoSummary/
27-08-2019 05:05:54 pm localhost/flexscreen/api/stationInfoSummary/
27-08-2019 05:05:59 pm localhost/flexscreen/api/stationInfoSummary/
27-08-2019 05:06:04 pm localhost/flexscreen/api/stationInfoSummary/
27-08-2019 05:06:09 pm localhost/flexscreen/api/stationInfoSummary/
27-08-2019 05:06:14 pm localhost/flexscreen/api/stationInfoSummary/
27-08-2019 05:06:19 pm localhost/flexscreen/api/stationInfoSummary/
27-08-2019 05:06:24 pm localhost/flexscreen/api/stationInfoSummary/
27-08-2019 05:06:29 pm localhost/flexscreen/api/stationInfoSummary/
27-08-2019 05:06:34 pm localhost/flexscreen/api/stationInfoSummary/
27-08-2019 05:06:39 pm localhost/flexscreen/api/stationInfoSummary/
27-08-2019 05:06:44 pm localhost/flexscreen/api/stationInfoSummary/
27-08-2019 05:06:49 pm localhost/flexscreen/api/stationInfoSummary/
27-08-2019 05:06:54 pm localhost/flexscreen/api/stationInfoSummary/
27-08-2019 05:06:59 pm localhost/flexscreen/api/stationInfoSummary/
27-08-2019 05:07:04 pm localhost/flexscreen/api/stationInfoSummary/
27-08-2019 05:07:09 pm localhost/flexscreen/api/stationInfoSummary/
27-08-2019 05:07:14 pm localhost/flexscreen/api/stationInfoSummary/
27-08-2019 05:07:19 pm localhost/flexscreen/api/stationInfoSummary/
27-08-2019 05:07:25 pm localhost/flexscreen/api/stationInfoSummary/
27-08-2019 05:07:29 pm localhost/flexscreen/api/stationInfoSummary/
27-08-2019 05:07:34 pm localhost/flexscreen/api/stationInfoSummary/
27-08-2019 05:07:39 pm localhost/flexscreen/api/stationInfoSummary/
27-08-2019 05:07:44 pm localhost/flexscreen/api/stationInfoSummary/
27-08-2019 05:07:49 pm localhost/flexscreen/api/stationInfoSummary/
27-08-2019 05:07:54 pm localhost/flexscreen/api/stationInfoSummary/
27-08-2019 05:07:59 pm localhost/flexscreen/api/stationInfoSummary/
27-08-2019 05:08:04 pm localhost/flexscreen/api/stationInfoSummary/
27-08-2019 05:08:09 pm localhost/flexscreen/api/stationInfoSummary/
27-08-2019 05:08:14 pm localhost/flexscreen/api/stationInfoSummary/
27-08-2019 05:08:19 pm localhost/flexscreen/api/stationInfoSummary/
27-08-2019 05:08:24 pm localhost/flexscreen/api/stationInfoSummary/
27-08-2019 05:08:29 pm localhost/flexscreen/api/stationInfoSummary/
27-08-2019 05:08:34 pm localhost/flexscreen/api/stationInfoSummary/
27-08-2019 05:08:39 pm localhost/flexscreen/api/stationInfoSummary/
27-08-2019 05:08:44 pm localhost/flexscreen/api/stationInfoSummary/
27-08-2019 05:08:49 pm localhost/flexscreen/api/stationInfoSummary/
27-08-2019 05:08:54 pm localhost/flexscreen/api/stationInfoSummary/
27-08-2019 05:08:59 pm localhost/flexscreen/api/stationInfoSummary/
27-08-2019 05:09:04 pm localhost/flexscreen/api/stationInfoSummary/
27-08-2019 05:09:09 pm localhost/flexscreen/api/stationInfoSummary/
27-08-2019 05:09:14 pm localhost/flexscreen/api/stationInfoSummary/
27-08-2019 05:09:19 pm localhost/flexscreen/api/stationInfoSummary/
27-08-2019 05:09:24 pm localhost/flexscreen/api/stationInfoSummary/
27-08-2019 05:09:29 pm localhost/flexscreen/api/stationInfoSummary/
27-08-2019 05:09:34 pm localhost/flexscreen/api/stationInfoSummary/
27-08-2019 05:09:39 pm localhost/flexscreen/api/stationInfoSummary/
27-08-2019 05:09:44 pm localhost/flexscreen/api/stationInfoSummary/
27-08-2019 05:09:49 pm localhost/flexscreen/api/stationInfoSummary/
27-08-2019 05:09:54 pm localhost/flexscreen/api/stationInfoSummary/
27-08-2019 05:09:59 pm localhost/flexscreen/api/stationInfoSummary/
27-08-2019 05:10:04 pm localhost/flexscreen/api/stationInfoSummary/
27-08-2019 05:10:09 pm localhost/flexscreen/api/stationInfoSummary/
27-08-2019 05:10:14 pm localhost/flexscreen/api/stationInfoSummary/
27-08-2019 05:10:19 pm localhost/flexscreen/api/stationInfoSummary/
27-08-2019 05:10:24 pm localhost/flexscreen/api/stationInfoSummary/
27-08-2019 05:10:29 pm localhost/flexscreen/api/stationInfoSummary/
27-08-2019 05:10:34 pm localhost/flexscreen/api/stationInfoSummary/
27-08-2019 05:10:39 pm localhost/flexscreen/api/stationInfoSummary/
27-08-2019 05:10:45 pm localhost/flexscreen/api/stationInfoSummary/
27-08-2019 05:10:49 pm localhost/flexscreen/api/stationInfoSummary/
27-08-2019 05:10:54 pm localhost/flexscreen/api/stationInfoSummary/
27-08-2019 05:10:59 pm localhost/flexscreen/api/stationInfoSummary/
27-08-2019 05:11:04 pm localhost/flexscreen/api/stationInfoSummary/
27-08-2019 05:11:09 pm localhost/flexscreen/api/stationInfoSummary/
27-08-2019 05:11:14 pm localhost/flexscreen/api/stationInfoSummary/
27-08-2019 05:11:19 pm localhost/flexscreen/api/stationInfoSummary/
27-08-2019 05:11:24 pm localhost/flexscreen/api/stationInfoSummary/
27-08-2019 05:11:29 pm localhost/flexscreen/api/stationInfoSummary/
27-08-2019 05:11:34 pm localhost/flexscreen/api/stationInfoSummary/
27-08-2019 05:11:39 pm localhost/flexscreen/api/stationInfoSummary/
27-08-2019 05:11:44 pm localhost/flexscreen/api/stationInfoSummary/
27-08-2019 05:11:49 pm localhost/flexscreen/api/stationInfoSummary/
27-08-2019 05:11:54 pm localhost/flexscreen/api/stationInfoSummary/
27-08-2019 05:11:59 pm localhost/flexscreen/api/stationInfoSummary/
27-08-2019 05:12:04 pm localhost/flexscreen/api/stationInfoSummary/
27-08-2019 05:12:09 pm localhost/flexscreen/api/stationInfoSummary/
27-08-2019 05:12:14 pm localhost/flexscreen/api/stationInfoSummary/
27-08-2019 05:12:19 pm localhost/flexscreen/api/stationInfoSummary/
27-08-2019 05:12:24 pm localhost/flexscreen/api/stationInfoSummary/
27-08-2019 05:12:29 pm localhost/flexscreen/api/stationInfoSummary/
27-08-2019 05:12:34 pm localhost/flexscreen/api/stationInfoSummary/
27-08-2019 05:12:39 pm localhost/flexscreen/api/stationInfoSummary/
27-08-2019 05:12:44 pm localhost/flexscreen/api/stationInfoSummary/
27-08-2019 05:12:49 pm localhost/flexscreen/api/stationInfoSummary/
27-08-2019 05:12:54 pm localhost/flexscreen/api/stationInfoSummary/
27-08-2019 05:12:59 pm localhost/flexscreen/api/stationInfoSummary/
27-08-2019 05:13:04 pm localhost/flexscreen/api/stationInfoSummary/
27-08-2019 05:13:09 pm localhost/flexscreen/api/stationInfoSummary/
27-08-2019 05:13:14 pm localhost/flexscreen/api/stationInfoSummary/
27-08-2019 05:13:19 pm localhost/flexscreen/api/stationInfoSummary/
27-08-2019 05:13:24 pm localhost/flexscreen/api/stationInfoSummary/
27-08-2019 05:13:30 pm localhost/flexscreen/api/stationInfoSummary/
27-08-2019 05:13:34 pm localhost/flexscreen/api/stationInfoSummary/
27-08-2019 05:13:39 pm localhost/flexscreen/api/stationInfoSummary/
27-08-2019 05:13:44 pm localhost/flexscreen/api/stationInfoSummary/
27-08-2019 05:13:49 pm localhost/flexscreen/api/stationInfoSummary/
27-08-2019 05:13:54 pm localhost/flexscreen/api/stationInfoSummary/
27-08-2019 05:13:59 pm localhost/flexscreen/api/stationInfoSummary/
27-08-2019 05:14:04 pm localhost/flexscreen/api/stationInfoSummary/
27-08-2019 05:14:09 pm localhost/flexscreen/api/stationInfoSummary/
27-08-2019 05:14:14 pm localhost/flexscreen/api/stationInfoSummary/
27-08-2019 05:14:19 pm localhost/flexscreen/api/stationInfoSummary/
27-08-2019 05:14:24 pm localhost/flexscreen/api/stationInfoSummary/
27-08-2019 05:14:29 pm localhost/flexscreen/api/stationInfoSummary/
27-08-2019 05:14:34 pm localhost/flexscreen/api/stationInfoSummary/
27-08-2019 05:14:36 pm localhost/flexscreen/api/workstationSummary/?shiftId=2
27-08-2019 05:14:39 pm localhost/flexscreen/api/stationInfoSummary/
27-08-2019 05:14:41 pm localhost/flexscreen/api/workstationSummary/?shiftId=2
27-08-2019 05:14:43 pm localhost/flexscreen/api/session/?action=set&key=shiftId&value=1
27-08-2019 05:14:43 pm localhost/flexscreen/api/workstationSummary/?shiftId=1
27-08-2019 05:14:44 pm localhost/flexscreen/api/stationInfoSummary/
27-08-2019 05:14:45 pm localhost/flexscreen/api/session/?action=set&key=shiftId&value=2
27-08-2019 05:14:45 pm localhost/flexscreen/api/workstationSummary/?shiftId=2
27-08-2019 05:14:46 pm localhost/flexscreen/api/workstationSummary/?shiftId=2
27-08-2019 05:14:49 pm localhost/flexscreen/api/stationInfoSummary/
27-08-2019 05:14:54 pm localhost/flexscreen/api/stationInfoSummary/
27-08-2019 05:14:59 pm localhost/flexscreen/api/stationInfoSummary/
27-08-2019 05:15:04 pm localhost/flexscreen/api/stationInfoSummary/
27-08-2019 05:15:09 pm localhost/flexscreen/api/stationInfoSummary/
27-08-2019 05:15:14 pm localhost/flexscreen/api/stationInfoSummary/
27-08-2019 05:15:15 pm localhost/flexscreen/api/stationInfoSummary/
27-08-2019 05:15:19 pm localhost/flexscreen/api/stationInfoSummary/
27-08-2019 05:15:20 pm localhost/flexscreen/api/stationInfoSummary/
27-08-2019 05:15:24 pm localhost/flexscreen/api/stationInfoSummary/
27-08-2019 05:15:29 pm localhost/flexscreen/api/workstationSummary/?shiftId=2
27-08-2019 05:15:29 pm localhost/flexscreen/api/stationInfoSummary/
27-08-2019 05:15:31 pm localhost/flexscreen/api/status/?stationId=1&shiftId=2&action=status
27-08-2019 05:15:34 pm localhost/flexscreen/api/session/?action=set&key=shiftId&value=1
27-08-2019 05:15:34 pm localhost/flexscreen/api/status/?stationId=1&shiftId=1&action=status
27-08-2019 05:15:34 pm localhost/flexscreen/api/status/?stationId=1&shiftId=1&action=status
27-08-2019 05:15:34 pm localhost/flexscreen/api/stationInfoSummary/
27-08-2019 05:15:37 pm localhost/flexscreen/api/status/?stationId=1&shiftId=1&action=status
27-08-2019 05:15:39 pm localhost/flexscreen/api/stationInfoSummary/
27-08-2019 05:15:40 pm localhost/flexscreen/api/status/?stationId=1&shiftId=1&action=status
27-08-2019 05:15:43 pm localhost/flexscreen/api/status/?stationId=1&shiftId=1&action=status
27-08-2019 05:15:44 pm localhost/flexscreen/api/stationInfoSummary/
27-08-2019 05:15:46 pm localhost/flexscreen/api/status/?stationId=1&shiftId=1&action=status
27-08-2019 05:15:49 pm localhost/flexscreen/api/status/?stationId=1&shiftId=1&action=status
27-08-2019 05:15:49 pm localhost/flexscreen/api/stationInfoSummary/
27-08-2019 05:15:52 pm localhost/flexscreen/api/status/?stationId=1&shiftId=1&action=status
27-08-2019 05:15:54 pm localhost/flexscreen/api/stationInfoSummary/
27-08-2019 05:15:55 pm localhost/flexscreen/api/status/?stationId=1&shiftId=1&action=status
27-08-2019 05:15:58 pm localhost/flexscreen/api/status/?stationId=1&shiftId=1&action=status
27-08-2019 05:15:59 pm localhost/flexscreen/api/stationInfoSummary/
27-08-2019 05:16:01 pm localhost/flexscreen/api/status/?stationId=1&shiftId=1&action=status
27-08-2019 05:16:04 pm localhost/flexscreen/api/stationInfoSummary/
27-08-2019 05:16:04 pm localhost/flexscreen/api/status/?stationId=1&shiftId=1&action=status
27-08-2019 05:16:07 pm localhost/flexscreen/api/status/?stationId=1&shiftId=1&action=status
27-08-2019 05:16:09 pm localhost/flexscreen/api/stationInfoSummary/
27-08-2019 05:16:10 pm localhost/flexscreen/api/status/?stationId=1&shiftId=1&action=status
27-08-2019 05:16:13 pm localhost/flexscreen/api/status/?stationId=1&shiftId=1&action=status
27-08-2019 05:16:14 pm localhost/flexscreen/api/stationInfoSummary/
27-08-2019 05:16:16 pm localhost/flexscreen/api/status/?stationId=1&shiftId=1&action=status
27-08-2019 05:16:19 pm localhost/flexscreen/api/stationInfoSummary/
27-08-2019 05:16:19 pm localhost/flexscreen/api/status/?stationId=1&shiftId=1&action=status
27-08-2019 05:16:21 pm localhost/flexscreen/api/workstationSummary/?shiftId=1
27-08-2019 05:16:22 pm localhost/flexscreen/api/status/?stationId=1&shiftId=1&action=status
27-08-2019 05:16:23 pm localhost/flexscreen/api/status/?stationId=2&shiftId=1&action=status
27-08-2019 05:16:24 pm localhost/flexscreen/api/update/?stationId=2&shiftId=1&count=1
27-08-2019 05:16:24 pm localhost/flexscreen/api/status/?stationId=2&shiftId=1&action=status
27-08-2019 05:16:25 pm localhost/flexscreen/api/status/?stationId=1&shiftId=1&action=status
27-08-2019 05:16:25 pm localhost/flexscreen/api/status/?stationId=2&shiftId=1&action=status
27-08-2019 05:16:28 pm localhost/flexscreen/api/status/?stationId=1&shiftId=1&action=status
27-08-2019 05:16:28 pm localhost/flexscreen/api/status/?stationId=2&shiftId=1&action=status
27-08-2019 05:16:31 pm localhost/flexscreen/api/status/?stationId=1&shiftId=1&action=status
27-08-2019 05:16:31 pm localhost/flexscreen/api/status/?stationId=2&shiftId=1&action=status
27-08-2019 05:16:34 pm localhost/flexscreen/api/update/?stationId=2&shiftId=1&count=1
27-08-2019 05:16:34 pm localhost/flexscreen/api/status/?stationId=2&shiftId=1&action=status
27-08-2019 05:16:34 pm localhost/flexscreen/api/status/?stationId=1&shiftId=1&action=status
27-08-2019 05:16:34 pm localhost/flexscreen/api/status/?stationId=2&shiftId=1&action=status
27-08-2019 05:16:36 pm localhost/flexscreen/api/workstationSummary/?shiftId=1
27-08-2019 05:16:37 pm localhost/flexscreen/api/status/?stationId=1&shiftId=1&action=status
27-08-2019 05:16:40 pm localhost/flexscreen/api/status/?stationId=1&shiftId=1&action=status
27-08-2019 05:16:41 pm localhost/flexscreen/api/workstationSummary/?shiftId=1
27-08-2019 05:16:42 pm localhost/flexscreen/api/session/?action=set&key=shiftId&value=2
27-08-2019 05:16:42 pm localhost/flexscreen/api/workstationSummary/?shiftId=2
27-08-2019 05:16:43 pm localhost/flexscreen/api/status/?stationId=1&shiftId=1&action=status
27-08-2019 05:16:46 pm localhost/flexscreen/api/workstationSummary/?shiftId=2
27-08-2019 05:16:46 pm localhost/flexscreen/api/status/?stationId=1&shiftId=1&action=status
27-08-2019 05:16:49 pm localhost/flexscreen/api/status/?stationId=1&shiftId=1&action=status
27-08-2019 05:16:52 pm localhost/flexscreen/api/status/?stationId=1&shiftId=1&action=status
27-08-2019 05:16:55 pm localhost/flexscreen/api/status/?stationId=1&shiftId=1&action=status
27-08-2019 05:16:58 pm localhost/flexscreen/api/status/?stationId=1&shiftId=1&action=status
27-08-2019 05:17:01 pm localhost/flexscreen/api/status/?stationId=1&shiftId=1&action=status
27-08-2019 05:17:04 pm localhost/flexscreen/api/status/?stationId=1&shiftId=1&action=status
27-08-2019 05:17:07 pm localhost/flexscreen/api/status/?stationId=1&shiftId=1&action=status
27-08-2019 05:17:10 pm localhost/flexscreen/api/status/?stationId=1&shiftId=1&action=status
27-08-2019 05:17:13 pm localhost/flexscreen/api/status/?stationId=1&shiftId=1&action=status
27-08-2019 05:17:16 pm localhost/flexscreen/api/status/?stationId=1&shiftId=1&action=status
27-08-2019 05:17:19 pm localhost/flexscreen/api/status/?stationId=1&shiftId=1&action=status
27-08-2019 05:17:22 pm localhost/flexscreen/api/status/?stationId=1&shiftId=1&action=status
27-08-2019 05:17:25 pm localhost/flexscreen/api/status/?stationId=1&shiftId=1&action=status
27-08-2019 05:17:28 pm localhost/flexscreen/api/workstationSummary/?shiftId=2
27-08-2019 05:17:28 pm localhost/flexscreen/api/status/?stationId=1&shiftId=1&action=status
27-08-2019 05:17:31 pm localhost/flexscreen/api/status/?stationId=3&shiftId=2&action=status
27-08-2019 05:17:31 pm localhost/flexscreen/api/status/?stationId=1&shiftId=1&action=status
27-08-2019 05:17:34 pm localhost/flexscreen/api/status/?stationId=3&shiftId=2&action=status
27-08-2019 05:17:34 pm localhost/flexscreen/api/status/?stationId=1&shiftId=1&action=status
27-08-2019 05:17:36 pm localhost/flexscreen/api/break/?stationId=3&shiftId=2&status=start&breakDescriptionId=8
27-08-2019 05:17:36 pm localhost/flexscreen/api/status/?stationId=3&shiftId=2&action=status
27-08-2019 05:17:37 pm localhost/flexscreen/api/status/?stationId=3&shiftId=2&action=status
27-08-2019 05:17:37 pm localhost/flexscreen/api/status/?stationId=1&shiftId=1&action=status
27-08-2019 05:17:39 pm localhost/flexscreen/api/workstationSummary/?shiftId=2
27-08-2019 05:17:40 pm localhost/flexscreen/api/status/?stationId=1&shiftId=1&action=status
27-08-2019 05:17:41 pm localhost/flexscreen/api/status/?stationId=1&shiftId=2&action=status
27-08-2019 05:17:43 pm localhost/flexscreen/api/break/?stationId=1&shiftId=2&status=start&breakDescriptionId=1
27-08-2019 05:17:43 pm localhost/flexscreen/api/status/?stationId=1&shiftId=2&action=status
27-08-2019 05:17:43 pm localhost/flexscreen/api/status/?stationId=1&shiftId=1&action=status
27-08-2019 05:17:44 pm localhost/flexscreen/api/status/?stationId=1&shiftId=2&action=status
27-08-2019 05:17:46 pm localhost/flexscreen/api/workstationSummary/?shiftId=2
27-08-2019 05:17:46 pm localhost/flexscreen/api/status/?stationId=1&shiftId=1&action=status
27-08-2019 05:17:49 pm localhost/flexscreen/api/status/?stationId=1&shiftId=1&action=status
27-08-2019 05:17:51 pm localhost/flexscreen/api/workstationSummary/?shiftId=2
27-08-2019 05:17:52 pm localhost/flexscreen/api/status/?stationId=1&shiftId=1&action=status
27-08-2019 05:17:55 pm localhost/flexscreen/api/status/?stationId=1&shiftId=1&action=status
27-08-2019 05:17:56 pm localhost/flexscreen/api/workstationSummary/?shiftId=2
27-08-2019 05:17:58 pm localhost/flexscreen/api/status/?stationId=1&shiftId=1&action=status
27-08-2019 05:18:01 pm localhost/flexscreen/api/workstationSummary/?shiftId=2
27-08-2019 05:18:01 pm localhost/flexscreen/api/status/?stationId=1&shiftId=1&action=status
27-08-2019 05:18:04 pm localhost/flexscreen/api/status/?stationId=1&shiftId=1&action=status
27-08-2019 05:18:06 pm localhost/flexscreen/api/workstationSummary/?shiftId=2
27-08-2019 05:18:07 pm localhost/flexscreen/api/status/?stationId=1&shiftId=1&action=status
27-08-2019 05:18:10 pm localhost/flexscreen/api/status/?stationId=1&shiftId=1&action=status
27-08-2019 05:18:11 pm localhost/flexscreen/api/workstationSummary/?shiftId=2
27-08-2019 05:18:13 pm localhost/flexscreen/api/status/?stationId=1&shiftId=1&action=status
27-08-2019 05:18:16 pm localhost/flexscreen/api/workstationSummary/?shiftId=2
27-08-2019 05:18:16 pm localhost/flexscreen/api/status/?stationId=1&shiftId=1&action=status
27-08-2019 05:18:19 pm localhost/flexscreen/api/status/?stationId=1&shiftId=1&action=status
27-08-2019 05:18:21 pm localhost/flexscreen/api/workstationSummary/?shiftId=2
27-08-2019 05:18:22 pm localhost/flexscreen/api/status/?stationId=1&shiftId=1&action=status
27-08-2019 05:18:25 pm localhost/flexscreen/api/status/?stationId=1&shiftId=1&action=status
27-08-2019 05:18:26 pm localhost/flexscreen/api/workstationSummary/?shiftId=2
27-08-2019 05:18:28 pm localhost/flexscreen/api/status/?stationId=1&shiftId=1&action=status
27-08-2019 05:18:30 pm localhost/flexscreen/api/session/?action=set&key=shiftId&value=1
27-08-2019 05:18:30 pm localhost/flexscreen/api/workstationSummary/?shiftId=1
27-08-2019 05:18:31 pm localhost/flexscreen/api/workstationSummary/?shiftId=1
27-08-2019 05:18:31 pm localhost/flexscreen/api/status/?stationId=1&shiftId=1&action=status
27-08-2019 05:18:34 pm localhost/flexscreen/api/status/?stationId=1&shiftId=1&action=status
27-08-2019 05:18:36 pm localhost/flexscreen/api/workstationSummary/?shiftId=1
27-08-2019 05:18:37 pm localhost/flexscreen/api/status/?stationId=1&shiftId=1&action=status
27-08-2019 05:18:40 pm localhost/flexscreen/api/status/?stationId=1&shiftId=1&action=status
27-08-2019 05:18:43 pm localhost/flexscreen/api/status/?stationId=1&shiftId=1&action=status
27-08-2019 05:18:46 pm localhost/flexscreen/api/status/?stationId=1&shiftId=1&action=status
27-08-2019 05:20:41 pm localhost/flexscreen/api/workstationSummary/?shiftId=1
27-08-2019 05:20:46 pm localhost/flexscreen/api/workstationSummary/?shiftId=1
27-08-2019 05:20:51 pm localhost/flexscreen/api/workstationSummary/?shiftId=1
27-08-2019 05:22:11 pm localhost/flexscreen/api/stationInfoSummary/
27-08-2019 05:22:58 pm localhost/flexscreen/api/workstationSummary/?shiftId=1
27-08-2019 05:23:03 pm localhost/flexscreen/api/workstationSummary/?shiftId=1
27-08-2019 05:23:07 pm localhost/flexscreen/api/status/?stationId=1&shiftId=1&action=status
27-08-2019 05:23:09 pm localhost/flexscreen/api/update/?stationId=1&shiftId=1&count=1
27-08-2019 05:23:09 pm localhost/flexscreen/api/status/?stationId=1&shiftId=1&action=status
27-08-2019 05:23:10 pm localhost/flexscreen/api/status/?stationId=1&shiftId=1&action=status
27-08-2019 05:23:13 pm localhost/flexscreen/api/status/?stationId=1&shiftId=1&action=status
27-08-2019 05:23:16 pm localhost/flexscreen/api/status/?stationId=1&shiftId=1&action=status
27-08-2019 05:23:19 pm localhost/flexscreen/api/status/?stationId=1&shiftId=1&action=status
27-08-2019 05:23:22 pm localhost/flexscreen/api/status/?stationId=1&shiftId=1&action=status
27-08-2019 05:23:25 pm localhost/flexscreen/api/status/?stationId=1&shiftId=1&action=status
27-08-2019 05:23:28 pm localhost/flexscreen/api/status/?stationId=1&shiftId=1&action=status
27-08-2019 05:23:31 pm localhost/flexscreen/api/status/?stationId=1&shiftId=1&action=status
27-08-2019 05:23:34 pm localhost/flexscreen/api/status/?stationId=1&shiftId=1&action=status
27-08-2019 05:23:35 pm localhost/flexscreen/api/workstationSummary/?shiftId=1
27-08-2019 05:23:40 pm localhost/flexscreen/api/workstationSummary/?shiftId=1
